This file contains any messages produced by compilers while
running configure, to aid debugging if configure makes a mistake.

It was created by configure, which was
generated by GNU Autoconf 2.71.  Invocation command line was

  $ ./configure

## --------- ##
## Platform. ##
## --------- ##

hostname = onecloud
uname -m = armv7l
uname -r = 6.12.58-current-meson
uname -s = Linux
uname -v = #1 SMP Thu Nov 13 20:34:41 UTC 2025

/usr/bin/uname -p = unknown
/bin/uname -X     = unknown

/bin/arch              = armv7l
/usr/bin/arch -k       = unknown
/usr/convex/getsysinfo = unknown
/usr/bin/hostinfo      = unknown
/bin/machine           = unknown
/usr/bin/oslevel       = unknown
/bin/universe          = unknown

PATH: /usr/local/sbin/
PATH: /usr/local/bin/
PATH: /usr/sbin/
PATH: /usr/bin/
PATH: /sbin/
PATH: /bin/


## ----------- ##
## Core tests. ##
## ----------- ##

configure:2811: looking for aux files: config.guess config.sub ltmain.sh compile missing install-sh
configure:2824:  trying ./
configure:2853:   ./config.guess found
configure:2853:   ./config.sub found
configure:2853:   ./ltmain.sh found
configure:2853:   ./compile found
configure:2853:   ./missing found
configure:2835:   ./install-sh found
configure:2982: checking for a BSD-compatible install
configure:3055: result: /usr/bin/install -c
configure:3066: checking whether build environment is sane
configure:3121: result: yes
configure:3280: checking for a race-free mkdir -p
configure:3324: result: /usr/bin/mkdir -p
configure:3331: checking for gawk
configure:3366: result: no
configure:3331: checking for mawk
configure:3352: found /usr/bin/mawk
configure:3363: result: mawk
configure:3374: checking whether make sets $(MAKE)
configure:3397: result: yes
configure:3427: checking whether make supports nested variables
configure:3445: result: yes
configure:3670: checking for g++
configure:3691: found /usr/bin/g++
configure:3702: result: g++
configure:3729: checking for C++ compiler version
configure:3738: g++ --version >&5
g++ (Debian 12.2.0-14+deb12u1) 12.2.0
Copyright (C) 2022 Free Software Foundation, Inc.
This is free software; see the source for copying conditions.  There is NO
warranty; not even for MERCHANTABILITY or FITNESS FOR A PARTICULAR PURPOSE.

configure:3749: $? = 0
configure:3738: g++ -v >&5
Using built-in specs.
COLLECT_GCC=g++
COLLECT_LTO_WRAPPER=/usr/lib/gcc/arm-linux-gnueabihf/12/lto-wrapper
Target: arm-linux-gnueabihf
Configured with: ../src/configure -v --with-pkgversion='Debian 12.2.0-14+deb12u1' --with-bugurl=file:///usr/share/doc/gcc-12/README.Bugs --enable-languages=c,ada,c++,go,d,fortran,objc,obj-c++,m2 --prefix=/usr --with-gcc-major-version-only --program-suffix=-12 --program-prefix=arm-linux-gnueabihf- --enable-shared --enable-linker-build-id --libexecdir=/usr/lib --without-included-gettext --enable-threads=posix --libdir=/usr/lib --enable-nls --enable-clocale=gnu --enable-libstdcxx-debug --enable-libstdcxx-time=yes --with-default-libstdcxx-abi=new --enable-gnu-unique-object --disable-libitm --disable-libquadmath --disable-libquadmath-support --enable-plugin --enable-default-pie --with-system-zlib --enable-libphobos-checking=release --with-target-system-zlib=auto --enable-objc-gc=auto --enable-multiarch --disable-sjlj-exceptions --with-arch=armv7-a+fp --with-float=hard --with-mode=thumb --disable-werror --enable-checking=release --build=arm-linux-gnueabihf --host=arm-linux-gnueabihf --target=arm-linux-gnueabihf
Thread model: posix
Supported LTO compression algorithms: zlib zstd
gcc version 12.2.0 (Debian 12.2.0-14+deb12u1) 
configure:3749: $? = 0
configure:3738: g++ -V >&5
g++: error: unrecognized command-line option '-V'
g++: fatal error: no input files
compilation terminated.
configure:3749: $? = 1
configure:3738: g++ -qversion >&5
g++: error: unrecognized command-line option '-qversion'; did you mean '--version'?
g++: fatal error: no input files
compilation terminated.
configure:3749: $? = 1
configure:3769: checking whether the C++ compiler works
configure:3791: g++    conftest.cpp  >&5
configure:3795: $? = 0
configure:3845: result: yes
configure:3848: checking for C++ compiler default output file name
configure:3850: result: a.out
configure:3856: checking for suffix of executables
configure:3863: g++ -o conftest    conftest.cpp  >&5
configure:3867: $? = 0
configure:3890: result: 
configure:3912: checking whether we are cross compiling
configure:3920: g++ -o conftest    conftest.cpp  >&5
configure:3924: $? = 0
configure:3931: ./conftest
configure:3935: $? = 0
configure:3950: result: no
configure:3955: checking for suffix of object files
configure:3978: g++ -c   conftest.cpp >&5
configure:3982: $? = 0
configure:4004: result: o
configure:4008: checking whether the compiler supports GNU C++
configure:4028: g++ -c   conftest.cpp >&5
configure:4028: $? = 0
configure:4038: result: yes
configure:4049: checking whether g++ accepts -g
configure:4070: g++ -c -g  conftest.cpp >&5
configure:4070: $? = 0
configure:4114: result: yes
configure:4134: checking for g++ option to enable C++11 features
configure:4149: g++  -c -g -O2  conftest.cpp >&5
conftest.cpp: In function 'int main(int, char**)':
conftest.cpp:178:25: warning: empty parentheses were disambiguated as a function declaration [-Wvexing-parse]
  178 |   cxx11test::delegate d2();
      |                         ^~
conftest.cpp:178:25: note: remove parentheses to default-initialize a variable
  178 |   cxx11test::delegate d2();
      |                         ^~
      |                         --
conftest.cpp:178:25: note: or replace parentheses with braces to value-initialize a variable
configure:4149: $? = 0
configure:4167: result: none needed
configure:4234: checking whether make supports the include directive
configure:4249: make -f confmf.GNU && cat confinc.out
this is the am__doit target
configure:4252: $? = 0
configure:4271: result: yes (GNU style)
configure:4297: checking dependency style of g++
configure:4409: result: gcc3
configure:4486: checking for gcc
configure:4507: found /usr/bin/gcc
configure:4518: result: gcc
configure:4871: checking for C compiler version
configure:4880: gcc --version >&5
gcc (Debian 12.2.0-14+deb12u1) 12.2.0
Copyright (C) 2022 Free Software Foundation, Inc.
This is free software; see the source for copying conditions.  There is NO
warranty; not even for MERCHANTABILITY or FITNESS FOR A PARTICULAR PURPOSE.

configure:4891: $? = 0
configure:4880: gcc -v >&5
Using built-in specs.
COLLECT_GCC=gcc
COLLECT_LTO_WRAPPER=/usr/lib/gcc/arm-linux-gnueabihf/12/lto-wrapper
Target: arm-linux-gnueabihf
Configured with: ../src/configure -v --with-pkgversion='Debian 12.2.0-14+deb12u1' --with-bugurl=file:///usr/share/doc/gcc-12/README.Bugs --enable-languages=c,ada,c++,go,d,fortran,objc,obj-c++,m2 --prefix=/usr --with-gcc-major-version-only --program-suffix=-12 --program-prefix=arm-linux-gnueabihf- --enable-shared --enable-linker-build-id --libexecdir=/usr/lib --without-included-gettext --enable-threads=posix --libdir=/usr/lib --enable-nls --enable-clocale=gnu --enable-libstdcxx-debug --enable-libstdcxx-time=yes --with-default-libstdcxx-abi=new --enable-gnu-unique-object --disable-libitm --disable-libquadmath --disable-libquadmath-support --enable-plugin --enable-default-pie --with-system-zlib --enable-libphobos-checking=release --with-target-system-zlib=auto --enable-objc-gc=auto --enable-multiarch --disable-sjlj-exceptions --with-arch=armv7-a+fp --with-float=hard --with-mode=thumb --disable-werror --enable-checking=release --build=arm-linux-gnueabihf --host=arm-linux-gnueabihf --target=arm-linux-gnueabihf
Thread model: posix
Supported LTO compression algorithms: zlib zstd
gcc version 12.2.0 (Debian 12.2.0-14+deb12u1) 
configure:4891: $? = 0
configure:4880: gcc -V >&5
gcc: error: unrecognized command-line option '-V'
gcc: fatal error: no input files
compilation terminated.
configure:4891: $? = 1
configure:4880: gcc -qversion >&5
gcc: error: unrecognized command-line option '-qversion'; did you mean '--version'?
gcc: fatal error: no input files
compilation terminated.
configure:4891: $? = 1
configure:4880: gcc -version >&5
gcc: error: unrecognized command-line option '-version'
gcc: fatal error: no input files
compilation terminated.
configure:4891: $? = 1
configure:4895: checking whether the compiler supports GNU C
configure:4915: gcc -c   conftest.c >&5
configure:4915: $? = 0
configure:4925: result: yes
configure:4936: checking whether gcc accepts -g
configure:4957: gcc -c -g  conftest.c >&5
configure:4957: $? = 0
configure:5001: result: yes
configure:5021: checking for gcc option to enable C11 features
configure:5036: gcc  -c -g -O2  conftest.c >&5
configure:5036: $? = 0
configure:5054: result: none needed
configure:5170: checking whether gcc understands -c and -o together
configure:5193: gcc -c conftest.c -o conftest2.o
configure:5196: $? = 0
configure:5193: gcc -c conftest.c -o conftest2.o
configure:5196: $? = 0
configure:5208: result: yes
configure:5227: checking dependency style of gcc
configure:5339: result: gcc3
configure:5355: checking whether make sets $(MAKE)
configure:5378: result: yes
configure:5419: checking build system type
configure:5434: result: armv7l-unknown-linux-gnueabihf
configure:5454: checking host system type
configure:5468: result: armv7l-unknown-linux-gnueabihf
configure:5509: checking how to print strings
configure:5536: result: printf
configure:5557: checking for a sed that does not truncate output
configure:5627: result: /usr/bin/sed
configure:5645: checking for grep that handles long lines and -e
configure:5709: result: /usr/bin/grep
configure:5714: checking for egrep
configure:5782: result: /usr/bin/grep -E
configure:5787: checking for fgrep
configure:5855: result: /usr/bin/grep -F
configure:5891: checking for ld used by gcc
configure:5959: result: /usr/bin/ld
configure:5966: checking if the linker (/usr/bin/ld) is GNU ld
configure:5982: result: yes
configure:5994: checking for BSD- or MS-compatible name lister (nm)
configure:6049: result: /usr/bin/nm -B
configure:6189: checking the name lister (/usr/bin/nm -B) interface
configure:6197: gcc -c -g -O2  conftest.c >&5
configure:6200: /usr/bin/nm -B "conftest.o"
configure:6203: output
00000000 B some_variable
configure:6210: result: BSD nm
configure:6213: checking whether ln -s works
configure:6217: result: yes
configure:6225: checking the maximum length of command line arguments
configure:6357: result: 1572864
configure:6405: checking how to convert armv7l-unknown-linux-gnueabihf file names to armv7l-unknown-linux-gnueabihf format
configure:6446: result: func_convert_file_noop
configure:6453: checking how to convert armv7l-unknown-linux-gnueabihf file names to toolchain format
configure:6474: result: func_convert_file_noop
configure:6481: checking for /usr/bin/ld option to reload object files
configure:6489: result: -r
configure:6568: checking for file
configure:6589: found /usr/bin/file
configure:6600: result: file
configure:6676: checking for objdump
configure:6697: found /usr/bin/objdump
configure:6708: result: objdump
configure:6740: checking how to recognize dependent libraries
configure:6941: result: pass_all
configure:7031: checking for dlltool
configure:7066: result: no
configure:7096: checking how to associate runtime and link libraries
configure:7124: result: printf %s\n
configure:7190: checking for ar
configure:7211: found /usr/bin/ar
configure:7222: result: ar
configure:7275: checking for archiver @FILE support
configure:7293: gcc -c -g -O2  conftest.c >&5
configure:7293: $? = 0
configure:7297: ar cr libconftest.a @conftest.lst >&5
configure:7300: $? = 0
configure:7305: ar cr libconftest.a @conftest.lst >&5
ar: conftest.o: No such file or directory
configure:7308: $? = 1
configure:7320: result: @
configure:7383: checking for strip
configure:7404: found /usr/bin/strip
configure:7415: result: strip
configure:7492: checking for ranlib
configure:7513: found /usr/bin/ranlib
configure:7524: result: ranlib
configure:7626: checking command to parse /usr/bin/nm -B output from gcc object
configure:7780: gcc -c -g -O2  conftest.c >&5
configure:7783: $? = 0
configure:7787: /usr/bin/nm -B conftest.o | /usr/bin/sed -n -e 's/^.*[	 ]\([ABCDGIRSTW][ABCDGIRSTW]*\)[	 ][	 ]*\([_A-Za-z][_A-Za-z0-9]*\)$/\1 \2 \2/p' | /usr/bin/sed '/ __gnu_lto/d' > conftest.nm
configure:7853: gcc -o conftest -g -O2   conftest.c conftstm.o >&5
configure:7856: $? = 0
configure:7894: result: ok
configure:7941: checking for sysroot
configure:7972: result: no
configure:7979: checking for a working dd
configure:8023: result: /usr/bin/dd
configure:8027: checking how to truncate binary pipes
configure:8043: result: /usr/bin/dd bs=4096 count=1
configure:8380: checking for mt
configure:8401: found /usr/bin/mt
configure:8412: result: mt
configure:8435: checking if mt is a manifest tool
configure:8442: mt '-?'
configure:8450: result: no
configure:9175: checking for stdio.h
configure:9175: gcc -c -g -O2  conftest.c >&5
configure:9175: $? = 0
configure:9175: result: yes
configure:9175: checking for stdlib.h
configure:9175: gcc -c -g -O2  conftest.c >&5
configure:9175: $? = 0
configure:9175: result: yes
configure:9175: checking for string.h
configure:9175: gcc -c -g -O2  conftest.c >&5
configure:9175: $? = 0
configure:9175: result: yes
configure:9175: checking for inttypes.h
configure:9175: gcc -c -g -O2  conftest.c >&5
configure:9175: $? = 0
configure:9175: result: yes
configure:9175: checking for stdint.h
configure:9175: gcc -c -g -O2  conftest.c >&5
configure:9175: $? = 0
configure:9175: result: yes
configure:9175: checking for strings.h
configure:9175: gcc -c -g -O2  conftest.c >&5
configure:9175: $? = 0
configure:9175: result: yes
configure:9175: checking for sys/stat.h
configure:9175: gcc -c -g -O2  conftest.c >&5
configure:9175: $? = 0
configure:9175: result: yes
configure:9175: checking for sys/types.h
configure:9175: gcc -c -g -O2  conftest.c >&5
configure:9175: $? = 0
configure:9175: result: yes
configure:9175: checking for unistd.h
configure:9175: gcc -c -g -O2  conftest.c >&5
configure:9175: $? = 0
configure:9175: result: yes
configure:9175: checking for vfork.h
configure:9175: gcc -c -g -O2  conftest.c >&5
conftest.c:49:10: fatal error: vfork.h: No such file or directory
   49 | #include <vfork.h>
      |          ^~~~~~~~~
compilation terminated.
configure:9175: $? = 1
configure: failed program was:
| /* confdefs.h */
| #define PACKAGE_NAME ""
| #define PACKAGE_TARNAME ""
| #define PACKAGE_VERSION ""
| #define PACKAGE_STRING ""
| #define PACKAGE_BUGREPORT ""
| #define PACKAGE_URL ""
| #define PACKAGE "backend"
| #define VERSION "3.70-1"
| #define PROG_PATH "/usr/local/bin"
| #define HAVE_STDIO_H 1
| #define HAVE_STDLIB_H 1
| #define HAVE_STRING_H 1
| #define HAVE_INTTYPES_H 1
| #define HAVE_STDINT_H 1
| #define HAVE_STRINGS_H 1
| #define HAVE_SYS_STAT_H 1
| #define HAVE_SYS_TYPES_H 1
| #define HAVE_UNISTD_H 1
| /* end confdefs.h.  */
| #include <stddef.h>
| #ifdef HAVE_STDIO_H
| # include <stdio.h>
| #endif
| #ifdef HAVE_STDLIB_H
| # include <stdlib.h>
| #endif
| #ifdef HAVE_STRING_H
| # include <string.h>
| #endif
| #ifdef HAVE_INTTYPES_H
| # include <inttypes.h>
| #endif
| #ifdef HAVE_STDINT_H
| # include <stdint.h>
| #endif
| #ifdef HAVE_STRINGS_H
| # include <strings.h>
| #endif
| #ifdef HAVE_SYS_TYPES_H
| # include <sys/types.h>
| #endif
| #ifdef HAVE_SYS_STAT_H
| # include <sys/stat.h>
| #endif
| #ifdef HAVE_UNISTD_H
| # include <unistd.h>
| #endif
| #include <vfork.h>
configure:9175: result: no
configure:9200: checking for dlfcn.h
configure:9200: gcc -c -g -O2  conftest.c >&5
configure:9200: $? = 0
configure:9200: result: yes
configure:9470: checking for objdir
configure:9486: result: .libs
configure:9746: checking if gcc supports -fno-rtti -fno-exceptions
configure:9765: gcc -c -g -O2  -fno-rtti -fno-exceptions conftest.c >&5
cc1: warning: command-line option '-fno-rtti' is valid for C++/D/ObjC++ but not for C
configure:9769: $? = 0
configure:9782: result: no
configure:10146: checking for gcc option to produce PIC
configure:10154: result: -fPIC -DPIC
configure:10162: checking if gcc PIC flag -fPIC -DPIC works
configure:10181: gcc -c -g -O2  -fPIC -DPIC -DPIC conftest.c >&5
configure:10185: $? = 0
configure:10198: result: yes
configure:10227: checking if gcc static flag -static works
configure:10256: result: yes
configure:10271: checking if gcc supports -c -o file.o
configure:10293: gcc -c -g -O2  -o out/conftest2.o conftest.c >&5
configure:10297: $? = 0
configure:10319: result: yes
configure:10327: checking if gcc supports -c -o file.o
configure:10375: result: yes
configure:10408: checking whether the gcc linker (/usr/bin/ld) supports shared libraries
configure:11682: result: yes
configure:11719: checking whether -lc should be explicitly linked in
configure:11728: gcc -c -g -O2  conftest.c >&5
configure:11731: $? = 0
configure:11746: gcc -shared  -fPIC -DPIC conftest.o  -v -Wl,-soname -Wl,conftest -o conftest 2\>\&1 \| /usr/bin/grep  -lc  \>/dev/null 2\>\&1
configure:11749: $? = 0
configure:11763: result: no
configure:11923: checking dynamic linker characteristics
configure:12505: gcc -o conftest -g -O2   -Wl,-rpath -Wl,/foo conftest.c  >&5
configure:12505: $? = 0
configure:12756: result: GNU/Linux ld.so
configure:12878: checking how to hardcode library paths into programs
configure:12903: result: immediate
configure:13455: checking whether stripping libraries is possible
configure:13464: result: yes
configure:13506: checking if libtool supports shared libraries
configure:13508: result: yes
configure:13511: checking whether to build shared libraries
configure:13536: result: yes
configure:13539: checking whether to build static libraries
configure:13543: result: yes
configure:13566: checking how to run the C++ preprocessor
configure:13588: g++ -E  conftest.cpp
configure:13588: $? = 0
configure:13603: g++ -E  conftest.cpp
conftest.cpp:24:10: fatal error: ac_nonexistent.h: No such file or directory
   24 | #include <ac_nonexistent.h>
      |          ^~~~~~~~~~~~~~~~~~
compilation terminated.
configure:13603: $? = 1
configure: failed program was:
| /* confdefs.h */
| #define PACKAGE_NAME ""
| #define PACKAGE_TARNAME ""
| #define PACKAGE_VERSION ""
| #define PACKAGE_STRING ""
| #define PACKAGE_BUGREPORT ""
| #define PACKAGE_URL ""
| #define PACKAGE "backend"
| #define VERSION "3.70-1"
| #define PROG_PATH "/usr/local/bin"
| #define HAVE_STDIO_H 1
| #define HAVE_STDLIB_H 1
| #define HAVE_STRING_H 1
| #define HAVE_INTTYPES_H 1
| #define HAVE_STDINT_H 1
| #define HAVE_STRINGS_H 1
| #define HAVE_SYS_STAT_H 1
| #define HAVE_SYS_TYPES_H 1
| #define HAVE_UNISTD_H 1
| #define STDC_HEADERS 1
| #define HAVE_DLFCN_H 1
| #define LT_OBJDIR ".libs/"
| /* end confdefs.h.  */
| #include <ac_nonexistent.h>
configure:13630: result: g++ -E
configure:13644: g++ -E  conftest.cpp
configure:13644: $? = 0
configure:13659: g++ -E  conftest.cpp
conftest.cpp:24:10: fatal error: ac_nonexistent.h: No such file or directory
   24 | #include <ac_nonexistent.h>
      |          ^~~~~~~~~~~~~~~~~~
compilation terminated.
configure:13659: $? = 1
configure: failed program was:
| /* confdefs.h */
| #define PACKAGE_NAME ""
| #define PACKAGE_TARNAME ""
| #define PACKAGE_VERSION ""
| #define PACKAGE_STRING ""
| #define PACKAGE_BUGREPORT ""
| #define PACKAGE_URL ""
| #define PACKAGE "backend"
| #define VERSION "3.70-1"
| #define PROG_PATH "/usr/local/bin"
| #define HAVE_STDIO_H 1
| #define HAVE_STDLIB_H 1
| #define HAVE_STRING_H 1
| #define HAVE_INTTYPES_H 1
| #define HAVE_STDINT_H 1
| #define HAVE_STRINGS_H 1
| #define HAVE_SYS_STAT_H 1
| #define HAVE_SYS_TYPES_H 1
| #define HAVE_UNISTD_H 1
| #define STDC_HEADERS 1
| #define HAVE_DLFCN_H 1
| #define LT_OBJDIR ".libs/"
| /* end confdefs.h.  */
| #include <ac_nonexistent.h>
configure:13824: checking for ld used by g++
configure:13892: result: /usr/bin/ld
configure:13899: checking if the linker (/usr/bin/ld) is GNU ld
configure:13915: result: yes
configure:13970: checking whether the g++ linker (/usr/bin/ld) supports shared libraries
configure:15048: result: yes
configure:15084: g++ -c -g -O2  conftest.cpp >&5
configure:15087: $? = 0
configure:15568: checking for g++ option to produce PIC
configure:15576: result: -fPIC -DPIC
configure:15584: checking if g++ PIC flag -fPIC -DPIC works
configure:15603: g++ -c -g -O2  -fPIC -DPIC -DPIC conftest.cpp >&5
configure:15607: $? = 0
configure:15620: result: yes
configure:15643: checking if g++ static flag -static works
configure:15672: result: yes
configure:15684: checking if g++ supports -c -o file.o
configure:15706: g++ -c -g -O2  -o out/conftest2.o conftest.cpp >&5
configure:15710: $? = 0
configure:15732: result: yes
configure:15737: checking if g++ supports -c -o file.o
configure:15785: result: yes
configure:15815: checking whether the g++ linker (/usr/bin/ld) supports shared libraries
configure:15858: result: yes
configure:16000: checking dynamic linker characteristics
configure:16760: result: GNU/Linux ld.so
configure:16825: checking how to hardcode library paths into programs
configure:16850: result: immediate
configure:16914: checking for main in -lcups
configure:16934: gcc -o conftest -g -O2   conftest.c -lcups   >&5
configure:16934: $? = 0
configure:16944: result: yes
configure:16959: checking for egrep
configure:17027: result: /usr/bin/grep -E
configure:17033: checking for sys/wait.h that is POSIX.1 compatible
configure:17060: gcc -c -g -O2  conftest.c >&5
configure:17060: $? = 0
configure:17068: result: yes
configure:17076: checking for arpa/inet.h
configure:17076: gcc -c -g -O2  conftest.c >&5
configure:17076: $? = 0
configure:17076: result: yes
configure:17082: checking for fcntl.h
configure:17082: gcc -c -g -O2  conftest.c >&5
configure:17082: $? = 0
configure:17082: result: yes
configure:17088: checking for netdb.h
configure:17088: gcc -c -g -O2  conftest.c >&5
configure:17088: $? = 0
configure:17088: result: yes
configure:17094: checking for netinet/in.h
configure:17094: gcc -c -g -O2  conftest.c >&5
configure:17094: $? = 0
configure:17094: result: yes
configure:17100: checking for stdlib.h
configure:17100: result: yes
configure:17106: checking for string.h
configure:17106: result: yes
configure:17112: checking for sys/socket.h
configure:17112: gcc -c -g -O2  conftest.c >&5
configure:17112: $? = 0
configure:17112: result: yes
configure:17118: checking for unistd.h
configure:17118: result: yes
configure:17127: checking for an ANSI C-conforming const
configure:17194: gcc -c -g -O2  conftest.c >&5
configure:17194: $? = 0
configure:17202: result: yes
configure:17210: checking for size_t
configure:17210: gcc -c -g -O2  conftest.c >&5
configure:17210: $? = 0
configure:17210: gcc -c -g -O2  conftest.c >&5
conftest.c: In function 'main':
conftest.c:65:21: error: expected expression before ')' token
   65 | if (sizeof ((size_t)))
      |                     ^
configure:17210: $? = 1
configure: failed program was:
| /* confdefs.h */
| #define PACKAGE_NAME ""
| #define PACKAGE_TARNAME ""
| #define PACKAGE_VERSION ""
| #define PACKAGE_STRING ""
| #define PACKAGE_BUGREPORT ""
| #define PACKAGE_URL ""
| #define PACKAGE "backend"
| #define VERSION "3.70-1"
| #define PROG_PATH "/usr/local/bin"
| #define HAVE_STDIO_H 1
| #define HAVE_STDLIB_H 1
| #define HAVE_STRING_H 1
| #define HAVE_INTTYPES_H 1
| #define HAVE_STDINT_H 1
| #define HAVE_STRINGS_H 1
| #define HAVE_SYS_STAT_H 1
| #define HAVE_SYS_TYPES_H 1
| #define HAVE_UNISTD_H 1
| #define STDC_HEADERS 1
| #define HAVE_DLFCN_H 1
| #define LT_OBJDIR ".libs/"
| #define HAVE_LIBCUPS 1
| #define HAVE_SYS_WAIT_H 1
| #define HAVE_ARPA_INET_H 1
| #define HAVE_FCNTL_H 1
| #define HAVE_NETDB_H 1
| #define HAVE_NETINET_IN_H 1
| #define HAVE_STDLIB_H 1
| #define HAVE_STRING_H 1
| #define HAVE_SYS_SOCKET_H 1
| #define HAVE_UNISTD_H 1
| /* end confdefs.h.  */
| #include <stddef.h>
| #ifdef HAVE_STDIO_H
| # include <stdio.h>
| #endif
| #ifdef HAVE_STDLIB_H
| # include <stdlib.h>
| #endif
| #ifdef HAVE_STRING_H
| # include <string.h>
| #endif
| #ifdef HAVE_INTTYPES_H
| # include <inttypes.h>
| #endif
| #ifdef HAVE_STDINT_H
| # include <stdint.h>
| #endif
| #ifdef HAVE_STRINGS_H
| # include <strings.h>
| #endif
| #ifdef HAVE_SYS_TYPES_H
| # include <sys/types.h>
| #endif
| #ifdef HAVE_SYS_STAT_H
| # include <sys/stat.h>
| #endif
| #ifdef HAVE_UNISTD_H
| # include <unistd.h>
| #endif
| int
| main (void)
| {
| if (sizeof ((size_t)))
| 	    return 0;
|   ;
|   return 0;
| }
configure:17210: result: yes
configure:17223: checking for pid_t
configure:17223: gcc -c -g -O2  conftest.c >&5
configure:17223: $? = 0
configure:17223: gcc -c -g -O2  conftest.c >&5
conftest.c: In function 'main':
conftest.c:66:20: error: expected expression before ')' token
   66 | if (sizeof ((pid_t)))
      |                    ^
configure:17223: $? = 1
configure: failed program was:
| /* confdefs.h */
| #define PACKAGE_NAME ""
| #define PACKAGE_TARNAME ""
| #define PACKAGE_VERSION ""
| #define PACKAGE_STRING ""
| #define PACKAGE_BUGREPORT ""
| #define PACKAGE_URL ""
| #define PACKAGE "backend"
| #define VERSION "3.70-1"
| #define PROG_PATH "/usr/local/bin"
| #define HAVE_STDIO_H 1
| #define HAVE_STDLIB_H 1
| #define HAVE_STRING_H 1
| #define HAVE_INTTYPES_H 1
| #define HAVE_STDINT_H 1
| #define HAVE_STRINGS_H 1
| #define HAVE_SYS_STAT_H 1
| #define HAVE_SYS_TYPES_H 1
| #define HAVE_UNISTD_H 1
| #define STDC_HEADERS 1
| #define HAVE_DLFCN_H 1
| #define LT_OBJDIR ".libs/"
| #define HAVE_LIBCUPS 1
| #define HAVE_SYS_WAIT_H 1
| #define HAVE_ARPA_INET_H 1
| #define HAVE_FCNTL_H 1
| #define HAVE_NETDB_H 1
| #define HAVE_NETINET_IN_H 1
| #define HAVE_STDLIB_H 1
| #define HAVE_STRING_H 1
| #define HAVE_SYS_SOCKET_H 1
| #define HAVE_UNISTD_H 1
| /* end confdefs.h.  */
| #include <stddef.h>
| #ifdef HAVE_STDIO_H
| # include <stdio.h>
| #endif
| #ifdef HAVE_STDLIB_H
| # include <stdlib.h>
| #endif
| #ifdef HAVE_STRING_H
| # include <string.h>
| #endif
| #ifdef HAVE_INTTYPES_H
| # include <inttypes.h>
| #endif
| #ifdef HAVE_STDINT_H
| # include <stdint.h>
| #endif
| #ifdef HAVE_STRINGS_H
| # include <strings.h>
| #endif
| #ifdef HAVE_SYS_TYPES_H
| # include <sys/types.h>
| #endif
| #ifdef HAVE_SYS_STAT_H
| # include <sys/stat.h>
| #endif
| #ifdef HAVE_UNISTD_H
| # include <unistd.h>
| #endif
| 
| int
| main (void)
| {
| if (sizeof ((pid_t)))
| 	    return 0;
|   ;
|   return 0;
| }
configure:17223: result: yes
configure:17264: checking for fork
configure:17264: gcc -o conftest -g -O2   conftest.c -lcups  >&5
conftest.c:50:6: warning: conflicting types for built-in function 'fork'; expected 'int(void)' [-Wbuiltin-declaration-mismatch]
   50 | char fork ();
      |      ^~~~
configure:17264: $? = 0
configure:17264: result: yes
configure:17264: checking for vfork
configure:17264: gcc -o conftest -g -O2   conftest.c -lcups  >&5
configure:17264: $? = 0
configure:17264: result: yes
configure:17277: checking for working fork
configure:17301: gcc -o conftest -g -O2   conftest.c -lcups  >&5
configure:17301: $? = 0
configure:17301: ./conftest
configure:17301: $? = 0
configure:17312: result: yes
configure:17333: checking for working vfork
configure:17462: result: yes
configure:17487: checking for GNU libc compatible malloc
configure:17519: gcc -o conftest -g -O2   conftest.c -lcups  >&5
configure:17519: $? = 0
configure:17519: ./conftest
configure:17519: $? = 0
configure:17530: result: yes
configure:17552: checking for memset
configure:17552: gcc -o conftest -g -O2   conftest.c -lcups  >&5
conftest.c:55:6: warning: conflicting types for built-in function 'memset'; expected 'void *(void *, int,  unsigned int)' [-Wbuiltin-declaration-mismatch]
   55 | char memset ();
      |      ^~~~~~
conftest.c:47:1: note: 'memset' is declared in header '<string.h>'
   46 | #include <limits.h>
   47 | #undef memset
configure:17552: $? = 0
configure:17552: result: yes
configure:17558: checking for socket
configure:17558: gcc -o conftest -g -O2   conftest.c -lcups  >&5
configure:17558: $? = 0
configure:17558: result: yes
configure:17564: checking for strdup
configure:17564: gcc -o conftest -g -O2   conftest.c -lcups  >&5
conftest.c:57:6: warning: conflicting types for built-in function 'strdup'; expected 'char *(const char *)' [-Wbuiltin-declaration-mismatch]
   57 | char strdup ();
      |      ^~~~~~
configure:17564: $? = 0
configure:17564: result: yes
configure:17570: checking for strrchr
configure:17570: gcc -o conftest -g -O2   conftest.c -lcups  >&5
conftest.c:58:6: warning: conflicting types for built-in function 'strrchr'; expected 'char *(const char *, int)' [-Wbuiltin-declaration-mismatch]
   58 | char strrchr ();
      |      ^~~~~~~
conftest.c:50:1: note: 'strrchr' is declared in header '<string.h>'
   49 | #include <limits.h>
   50 | #undef strrchr
configure:17570: $? = 0
configure:17570: result: yes
configure:17682: checking that generated files are newer than configure
configure:17688: result: done
configure:17715: creating ./config.status

## ---------------------- ##
## Running config.status. ##
## ---------------------- ##

This file was extended by config.status, which was
generated by GNU Autoconf 2.71.  Invocation command line was

  CONFIG_FILES    = 
  CONFIG_HEADERS  = 
  CONFIG_LINKS    = 
  CONFIG_COMMANDS = 
  $ ./config.status 

on onecloud

config.status:1167: creating Makefile
config.status:1167: creating src/Makefile
config.status:1167: creating config.h
config.status:1396: executing depfiles commands
config.status:1473: cd src       && sed -e '/# am--include-marker/d' Makefile         | make -f - am--depfiles
config.status:1478: $? = 0
config.status:1396: executing libtool commands

## ---------------- ##
## Cache variables. ##
## ---------------- ##

ac_cv_build=armv7l-unknown-linux-gnueabihf
ac_cv_c_compiler_gnu=yes
ac_cv_c_const=yes
ac_cv_cxx_compiler_gnu=yes
ac_cv_env_CCC_set=
ac_cv_env_CCC_value=
ac_cv_env_CC_set=
ac_cv_env_CC_value=
ac_cv_env_CFLAGS_set=
ac_cv_env_CFLAGS_value=
ac_cv_env_CPPFLAGS_set=
ac_cv_env_CPPFLAGS_value=
ac_cv_env_CXXCPP_set=
ac_cv_env_CXXCPP_value=
ac_cv_env_CXXFLAGS_set=
ac_cv_env_CXXFLAGS_value=
ac_cv_env_CXX_set=
ac_cv_env_CXX_value=
ac_cv_env_LDFLAGS_set=
ac_cv_env_LDFLAGS_value=
ac_cv_env_LIBS_set=
ac_cv_env_LIBS_value=
ac_cv_env_LT_SYS_LIBRARY_PATH_set=
ac_cv_env_LT_SYS_LIBRARY_PATH_value=
ac_cv_env_build_alias_set=
ac_cv_env_build_alias_value=
ac_cv_env_host_alias_set=
ac_cv_env_host_alias_value=
ac_cv_env_target_alias_set=
ac_cv_env_target_alias_value=
ac_cv_func_fork=yes
ac_cv_func_fork_works=yes
ac_cv_func_malloc_0_nonnull=yes
ac_cv_func_memset=yes
ac_cv_func_socket=yes
ac_cv_func_strdup=yes
ac_cv_func_strrchr=yes
ac_cv_func_vfork=yes
ac_cv_func_vfork_works=yes
ac_cv_header_arpa_inet_h=yes
ac_cv_header_dlfcn_h=yes
ac_cv_header_fcntl_h=yes
ac_cv_header_inttypes_h=yes
ac_cv_header_netdb_h=yes
ac_cv_header_netinet_in_h=yes
ac_cv_header_stdint_h=yes
ac_cv_header_stdio_h=yes
ac_cv_header_stdlib_h=yes
ac_cv_header_string_h=yes
ac_cv_header_strings_h=yes
ac_cv_header_sys_socket_h=yes
ac_cv_header_sys_stat_h=yes
ac_cv_header_sys_types_h=yes
ac_cv_header_sys_wait_h=yes
ac_cv_header_unistd_h=yes
ac_cv_header_vfork_h=no
ac_cv_host=armv7l-unknown-linux-gnueabihf
ac_cv_lib_cups_main=yes
ac_cv_objext=o
ac_cv_path_EGREP='/usr/bin/grep -E'
ac_cv_path_FGREP='/usr/bin/grep -F'
ac_cv_path_GREP=/usr/bin/grep
ac_cv_path_SED=/usr/bin/sed
ac_cv_path_install='/usr/bin/install -c'
ac_cv_path_lt_DD=/usr/bin/dd
ac_cv_path_mkdir=/usr/bin/mkdir
ac_cv_prog_AWK=mawk
ac_cv_prog_CXXCPP='g++ -E'
ac_cv_prog_ac_ct_AR=ar
ac_cv_prog_ac_ct_CC=gcc
ac_cv_prog_ac_ct_CXX=g++
ac_cv_prog_ac_ct_FILECMD=file
ac_cv_prog_ac_ct_MANIFEST_TOOL=mt
ac_cv_prog_ac_ct_OBJDUMP=objdump
ac_cv_prog_ac_ct_RANLIB=ranlib
ac_cv_prog_ac_ct_STRIP=strip
ac_cv_prog_cc_c11=
ac_cv_prog_cc_g=yes
ac_cv_prog_cc_stdc=
ac_cv_prog_cxx_cxx11=
ac_cv_prog_cxx_g=yes
ac_cv_prog_cxx_stdcxx=
ac_cv_prog_make_make_set=yes
ac_cv_type_pid_t=yes
ac_cv_type_size_t=yes
am_cv_CC_dependencies_compiler_type=gcc3
am_cv_CXX_dependencies_compiler_type=gcc3
am_cv_make_support_nested_variables=yes
am_cv_prog_cc_c_o=yes
lt_cv_ar_at_file=@
lt_cv_archive_cmds_need_lc=no
lt_cv_deplibs_check_method=pass_all
lt_cv_file_magic_cmd='$MAGIC_CMD'
lt_cv_file_magic_test_file=
lt_cv_ld_reload_flag=-r
lt_cv_nm_interface='BSD nm'
lt_cv_objdir=.libs
lt_cv_path_LD=/usr/bin/ld
lt_cv_path_LDCXX=/usr/bin/ld
lt_cv_path_NM='/usr/bin/nm -B'
lt_cv_path_mainfest_tool=no
lt_cv_prog_compiler_c_o=yes
lt_cv_prog_compiler_c_o_CXX=yes
lt_cv_prog_compiler_pic='-fPIC -DPIC'
lt_cv_prog_compiler_pic_CXX='-fPIC -DPIC'
lt_cv_prog_compiler_pic_works=yes
lt_cv_prog_compiler_pic_works_CXX=yes
lt_cv_prog_compiler_rtti_exceptions=no
lt_cv_prog_compiler_static_works=yes
lt_cv_prog_compiler_static_works_CXX=yes
lt_cv_prog_gnu_ld=yes
lt_cv_prog_gnu_ldcxx=yes
lt_cv_sharedlib_from_linklib_cmd='printf %s\n'
lt_cv_shlibpath_overrides_runpath=yes
lt_cv_sys_global_symbol_pipe='/usr/bin/sed -n -e '\''s/^.*[	 ]\([ABCDGIRSTW][ABCDGIRSTW]*\)[	 ][	 ]*\([_A-Za-z][_A-Za-z0-9]*\)$/\1 \2 \2/p'\'' | /usr/bin/sed '\''/ __gnu_lto/d'\'''
lt_cv_sys_global_symbol_to_c_name_address='/usr/bin/sed -n -e '\''s/^: \(.*\) .*$/  {"\1", (void *) 0},/p'\'' -e '\''s/^[ABCDGIRSTW][ABCDGIRSTW]* .* \(.*\)$/  {"\1", (void *) \&\1},/p'\'''
lt_cv_sys_global_symbol_to_c_name_address_lib_prefix='/usr/bin/sed -n -e '\''s/^: \(.*\) .*$/  {"\1", (void *) 0},/p'\'' -e '\''s/^[ABCDGIRSTW][ABCDGIRSTW]* .* \(lib.*\)$/  {"\1", (void *) \&\1},/p'\'' -e '\''s/^[ABCDGIRSTW][ABCDGIRSTW]* .* \(.*\)$/  {"lib\1", (void *) \&\1},/p'\'''
lt_cv_sys_global_symbol_to_cdecl='/usr/bin/sed -n -e '\''s/^T .* \(.*\)$/extern int \1();/p'\'' -e '\''s/^[ABCDGIRSTW][ABCDGIRSTW]* .* \(.*\)$/extern char \1;/p'\'''
lt_cv_sys_global_symbol_to_import=
lt_cv_sys_max_cmd_len=1572864
lt_cv_to_host_file_cmd=func_convert_file_noop
lt_cv_to_tool_file_cmd=func_convert_file_noop
lt_cv_truncate_bin='/usr/bin/dd bs=4096 count=1'

## ----------------- ##
## Output variables. ##
## ----------------- ##

ACLOCAL='${SHELL} '\''/home/cnijfilter-source-3.70-1/backend/missing'\'' aclocal-1.16'
AMDEPBACKSLASH='\'
AMDEP_FALSE='#'
AMDEP_TRUE=''
AMTAR='$${TAR-tar}'
AM_BACKSLASH='\'
AM_DEFAULT_V='$(AM_DEFAULT_VERBOSITY)'
AM_DEFAULT_VERBOSITY='1'
AM_V='$(V)'
AR='ar'
AUTOCONF='${SHELL} '\''/home/cnijfilter-source-3.70-1/backend/missing'\'' autoconf'
AUTOHEADER='${SHELL} '\''/home/cnijfilter-source-3.70-1/backend/missing'\'' autoheader'
AUTOMAKE='${SHELL} '\''/home/cnijfilter-source-3.70-1/backend/missing'\'' automake-1.16'
AWK='mawk'
CC='gcc'
CCDEPMODE='depmode=gcc3'
CFLAGS='-O2'
CPPFLAGS=''
CSCOPE='cscope'
CTAGS='ctags'
CXX='g++'
CXXCPP='g++ -E'
CXXDEPMODE='depmode=gcc3'
CXXFLAGS='-g -O2'
CYGPATH_W='echo'
DEFS='-DHAVE_CONFIG_H'
DEPDIR='.deps'
DLLTOOL='false'
DSYMUTIL=''
DUMPBIN=''
ECHO_C=''
ECHO_N='-n'
ECHO_T=''
EGREP='/usr/bin/grep -E'
ETAGS='etags'
EXEEXT=''
FGREP='/usr/bin/grep -F'
FILECMD='file'
GREP='/usr/bin/grep'
INSTALL_DATA='${INSTALL} -m 644'
INSTALL_PROGRAM='${INSTALL}'
INSTALL_SCRIPT='${INSTALL}'
INSTALL_STRIP_PROGRAM='$(install_sh) -c -s'
LD='/usr/bin/ld'
LDFLAGS=''
LIBOBJS=''
LIBS='-lcups '
LIBTOOL='$(SHELL) $(top_builddir)/libtool'
LIPO=''
LN_S='ln -s'
LTLIBOBJS=''
LT_SYS_LIBRARY_PATH=''
MAKEINFO='${SHELL} '\''/home/cnijfilter-source-3.70-1/backend/missing'\'' makeinfo'
MANIFEST_TOOL=':'
MKDIR_P='/usr/bin/mkdir -p'
NM='/usr/bin/nm -B'
NMEDIT=''
OBJDUMP='objdump'
OBJEXT='o'
OTOOL64=''
OTOOL=''
PACKAGE='backend'
PACKAGE_BUGREPORT=''
PACKAGE_NAME=''
PACKAGE_STRING=''
PACKAGE_TARNAME=''
PACKAGE_URL=''
PACKAGE_VERSION=''
PATH_SEPARATOR=':'
PROG_PATH=''
RANLIB='ranlib'
SED='/usr/bin/sed'
SET_MAKE=''
SHELL='/bin/bash'
STRIP='strip'
VERSION='3.70-1'
ac_ct_AR='ar'
ac_ct_CC='gcc'
ac_ct_CXX='g++'
ac_ct_DUMPBIN=''
am__EXEEXT_FALSE=''
am__EXEEXT_TRUE='#'
am__fastdepCC_FALSE='#'
am__fastdepCC_TRUE=''
am__fastdepCXX_FALSE='#'
am__fastdepCXX_TRUE=''
am__include='include'
am__isrc=''
am__leading_dot='.'
am__nodep='_no'
am__quote=''
am__tar='$${TAR-tar} chof - "$$tardir"'
am__untar='$${TAR-tar} xf -'
bindir='${exec_prefix}/bin'
build='armv7l-unknown-linux-gnueabihf'
build_alias=''
build_cpu='armv7l'
build_os='linux-gnueabihf'
build_vendor='unknown'
datadir='${datarootdir}'
datarootdir='${prefix}/share'
docdir='${datarootdir}/doc/${PACKAGE}'
dvidir='${docdir}'
exec_prefix='${prefix}'
host='armv7l-unknown-linux-gnueabihf'
host_alias=''
host_cpu='armv7l'
host_os='linux-gnueabihf'
host_vendor='unknown'
htmldir='${docdir}'
includedir='${prefix}/include'
infodir='${datarootdir}/info'
install_sh='${SHELL} /home/cnijfilter-source-3.70-1/backend/install-sh'
libdir='${exec_prefix}/lib'
libexecdir='${exec_prefix}/libexec'
localedir='${datarootdir}/locale'
localstatedir='${prefix}/var'
mandir='${datarootdir}/man'
mkdir_p='$(MKDIR_P)'
oldincludedir='/usr/include'
pdfdir='${docdir}'
prefix='/usr/local'
program_transform_name='s,x,x,'
psdir='${docdir}'
runstatedir='${localstatedir}/run'
sbindir='${exec_prefix}/sbin'
sharedstatedir='${prefix}/com'
sysconfdir='${prefix}/etc'
target_alias=''

## ----------- ##
## confdefs.h. ##
## ----------- ##

/* confdefs.h */
#define PACKAGE_NAME ""
#define PACKAGE_TARNAME ""
#define PACKAGE_VERSION ""
#define PACKAGE_STRING ""
#define PACKAGE_BUGREPORT ""
#define PACKAGE_URL ""
#define PACKAGE "backend"
#define VERSION "3.70-1"
#define PROG_PATH "/usr/local/bin"
#define HAVE_STDIO_H 1
#define HAVE_STDLIB_H 1
#define HAVE_STRING_H 1
#define HAVE_INTTYPES_H 1
#define HAVE_STDINT_H 1
#define HAVE_STRINGS_H 1
#define HAVE_SYS_STAT_H 1
#define HAVE_SYS_TYPES_H 1
#define HAVE_UNISTD_H 1
#define STDC_HEADERS 1
#define HAVE_DLFCN_H 1
#define LT_OBJDIR ".libs/"
#define HAVE_LIBCUPS 1
#define HAVE_SYS_WAIT_H 1
#define HAVE_ARPA_INET_H 1
#define HAVE_FCNTL_H 1
#define HAVE_NETDB_H 1
#define HAVE_NETINET_IN_H 1
#define HAVE_STDLIB_H 1
#define HAVE_STRING_H 1
#define HAVE_SYS_SOCKET_H 1
#define HAVE_UNISTD_H 1
#define HAVE_FORK 1
#define HAVE_VFORK 1
#define HAVE_WORKING_VFORK 1
#define HAVE_WORKING_FORK 1
#define HAVE_MALLOC 1
#define HAVE_MEMSET 1
#define HAVE_SOCKET 1
#define HAVE_STRDUP 1
#define HAVE_STRRCHR 1

configure: exit 0
