This file contains any messages produced by compilers while
running configure, to aid debugging if configure makes a mistake.

It was created by configure, which was
generated by GNU Autoconf 2.71.  Invocation command line was

  $ ./configure --prefix=/usr --program-suffix=ip100 --enable-progpath=/usr/bin

## --------- ##
## Platform. ##
## --------- ##

hostname = onecloud
uname -m = armv7l
uname -r = 6.12.58-current-meson
uname -s = Linux
uname -v = #1 SMP Thu Nov 13 20:34:41 UTC 2025

/usr/bin/uname -p = unknown
/bin/uname -X     = unknown

/bin/arch              = armv7l
/usr/bin/arch -k       = unknown
/usr/convex/getsysinfo = unknown
/usr/bin/hostinfo      = unknown
/bin/machine           = unknown
/usr/bin/oslevel       = unknown
/bin/universe          = unknown

PATH: /usr/local/sbin/
PATH: /usr/local/bin/
PATH: /usr/sbin/
PATH: /usr/bin/
PATH: /sbin/
PATH: /bin/


## ----------- ##
## Core tests. ##
## ----------- ##

configure:2852: looking for aux files: config.guess config.sub ltmain.sh compile missing install-sh
configure:2865:  trying ./
configure:2894:   ./config.guess found
configure:2894:   ./config.sub found
configure:2894:   ./ltmain.sh found
configure:2894:   ./compile found
configure:2894:   ./missing found
configure:2876:   ./install-sh found
configure:3023: checking for a BSD-compatible install
configure:3096: result: /usr/bin/install -c
configure:3107: checking whether build environment is sane
configure:3162: result: yes
configure:3321: checking for a race-free mkdir -p
configure:3365: result: /usr/bin/mkdir -p
configure:3372: checking for gawk
configure:3407: result: no
configure:3372: checking for mawk
configure:3393: found /usr/bin/mawk
configure:3404: result: mawk
configure:3415: checking whether make sets $(MAKE)
configure:3438: result: yes
configure:3468: checking whether make supports nested variables
configure:3486: result: yes
configure:3711: checking for g++
configure:3732: found /usr/bin/g++
configure:3743: result: g++
configure:3770: checking for C++ compiler version
configure:3779: g++ --version >&5
g++ (Debian 12.2.0-14+deb12u1) 12.2.0
Copyright (C) 2022 Free Software Foundation, Inc.
This is free software; see the source for copying conditions.  There is NO
warranty; not even for MERCHANTABILITY or FITNESS FOR A PARTICULAR PURPOSE.

configure:3790: $? = 0
configure:3779: g++ -v >&5
Using built-in specs.
COLLECT_GCC=g++
COLLECT_LTO_WRAPPER=/usr/lib/gcc/arm-linux-gnueabihf/12/lto-wrapper
Target: arm-linux-gnueabihf
Configured with: ../src/configure -v --with-pkgversion='Debian 12.2.0-14+deb12u1' --with-bugurl=file:///usr/share/doc/gcc-12/README.Bugs --enable-languages=c,ada,c++,go,d,fortran,objc,obj-c++,m2 --prefix=/usr --with-gcc-major-version-only --program-suffix=-12 --program-prefix=arm-linux-gnueabihf- --enable-shared --enable-linker-build-id --libexecdir=/usr/lib --without-included-gettext --enable-threads=posix --libdir=/usr/lib --enable-nls --enable-clocale=gnu --enable-libstdcxx-debug --enable-libstdcxx-time=yes --with-default-libstdcxx-abi=new --enable-gnu-unique-object --disable-libitm --disable-libquadmath --disable-libquadmath-support --enable-plugin --enable-default-pie --with-system-zlib --enable-libphobos-checking=release --with-target-system-zlib=auto --enable-objc-gc=auto --enable-multiarch --disable-sjlj-exceptions --with-arch=armv7-a+fp --with-float=hard --with-mode=thumb --disable-werror --enable-checking=release --build=arm-linux-gnueabihf --host=arm-linux-gnueabihf --target=arm-linux-gnueabihf
Thread model: posix
Supported LTO compression algorithms: zlib zstd
gcc version 12.2.0 (Debian 12.2.0-14+deb12u1) 
configure:3790: $? = 0
configure:3779: g++ -V >&5
g++: error: unrecognized command-line option '-V'
g++: fatal error: no input files
compilation terminated.
configure:3790: $? = 1
configure:3779: g++ -qversion >&5
g++: error: unrecognized command-line option '-qversion'; did you mean '--version'?
g++: fatal error: no input files
compilation terminated.
configure:3790: $? = 1
configure:3810: checking whether the C++ compiler works
configure:3832: g++    conftest.cpp  >&5
configure:3836: $? = 0
configure:3886: result: yes
configure:3889: checking for C++ compiler default output file name
configure:3891: result: a.out
configure:3897: checking for suffix of executables
configure:3904: g++ -o conftest    conftest.cpp  >&5
configure:3908: $? = 0
configure:3931: result: 
configure:3953: checking whether we are cross compiling
configure:3961: g++ -o conftest    conftest.cpp  >&5
configure:3965: $? = 0
configure:3972: ./conftest
configure:3976: $? = 0
configure:3991: result: no
configure:3996: checking for suffix of object files
configure:4019: g++ -c   conftest.cpp >&5
configure:4023: $? = 0
configure:4045: result: o
configure:4049: checking whether the compiler supports GNU C++
configure:4069: g++ -c   conftest.cpp >&5
configure:4069: $? = 0
configure:4079: result: yes
configure:4090: checking whether g++ accepts -g
configure:4111: g++ -c -g  conftest.cpp >&5
configure:4111: $? = 0
configure:4155: result: yes
configure:4175: checking for g++ option to enable C++11 features
configure:4190: g++  -c -g -O2  conftest.cpp >&5
conftest.cpp: In function 'int main(int, char**)':
conftest.cpp:178:25: warning: empty parentheses were disambiguated as a function declaration [-Wvexing-parse]
  178 |   cxx11test::delegate d2();
      |                         ^~
conftest.cpp:178:25: note: remove parentheses to default-initialize a variable
  178 |   cxx11test::delegate d2();
      |                         ^~
      |                         --
conftest.cpp:178:25: note: or replace parentheses with braces to value-initialize a variable
configure:4190: $? = 0
configure:4208: result: none needed
configure:4275: checking whether make supports the include directive
configure:4290: make -f confmf.GNU && cat confinc.out
this is the am__doit target
configure:4293: $? = 0
configure:4312: result: yes (GNU style)
configure:4338: checking dependency style of g++
configure:4450: result: gcc3
configure:4527: checking for gcc
configure:4548: found /usr/bin/gcc
configure:4559: result: gcc
configure:4912: checking for C compiler version
configure:4921: gcc --version >&5
gcc (Debian 12.2.0-14+deb12u1) 12.2.0
Copyright (C) 2022 Free Software Foundation, Inc.
This is free software; see the source for copying conditions.  There is NO
warranty; not even for MERCHANTABILITY or FITNESS FOR A PARTICULAR PURPOSE.

configure:4932: $? = 0
configure:4921: gcc -v >&5
Using built-in specs.
COLLECT_GCC=gcc
COLLECT_LTO_WRAPPER=/usr/lib/gcc/arm-linux-gnueabihf/12/lto-wrapper
Target: arm-linux-gnueabihf
Configured with: ../src/configure -v --with-pkgversion='Debian 12.2.0-14+deb12u1' --with-bugurl=file:///usr/share/doc/gcc-12/README.Bugs --enable-languages=c,ada,c++,go,d,fortran,objc,obj-c++,m2 --prefix=/usr --with-gcc-major-version-only --program-suffix=-12 --program-prefix=arm-linux-gnueabihf- --enable-shared --enable-linker-build-id --libexecdir=/usr/lib --without-included-gettext --enable-threads=posix --libdir=/usr/lib --enable-nls --enable-clocale=gnu --enable-libstdcxx-debug --enable-libstdcxx-time=yes --with-default-libstdcxx-abi=new --enable-gnu-unique-object --disable-libitm --disable-libquadmath --disable-libquadmath-support --enable-plugin --enable-default-pie --with-system-zlib --enable-libphobos-checking=release --with-target-system-zlib=auto --enable-objc-gc=auto --enable-multiarch --disable-sjlj-exceptions --with-arch=armv7-a+fp --with-float=hard --with-mode=thumb --disable-werror --enable-checking=release --build=arm-linux-gnueabihf --host=arm-linux-gnueabihf --target=arm-linux-gnueabihf
Thread model: posix
Supported LTO compression algorithms: zlib zstd
gcc version 12.2.0 (Debian 12.2.0-14+deb12u1) 
configure:4932: $? = 0
configure:4921: gcc -V >&5
gcc: error: unrecognized command-line option '-V'
gcc: fatal error: no input files
compilation terminated.
configure:4932: $? = 1
configure:4921: gcc -qversion >&5
gcc: error: unrecognized command-line option '-qversion'; did you mean '--version'?
gcc: fatal error: no input files
compilation terminated.
configure:4932: $? = 1
configure:4921: gcc -version >&5
gcc: error: unrecognized command-line option '-version'
gcc: fatal error: no input files
compilation terminated.
configure:4932: $? = 1
configure:4936: checking whether the compiler supports GNU C
configure:4956: gcc -c   conftest.c >&5
configure:4956: $? = 0
configure:4966: result: yes
configure:4977: checking whether gcc accepts -g
configure:4998: gcc -c -g  conftest.c >&5
configure:4998: $? = 0
configure:5042: result: yes
configure:5062: checking for gcc option to enable C11 features
configure:5077: gcc  -c -g -O2  conftest.c >&5
configure:5077: $? = 0
configure:5095: result: none needed
configure:5211: checking whether gcc understands -c and -o together
configure:5234: gcc -c conftest.c -o conftest2.o
configure:5237: $? = 0
configure:5234: gcc -c conftest.c -o conftest2.o
configure:5237: $? = 0
configure:5249: result: yes
configure:5268: checking dependency style of gcc
configure:5380: result: gcc3
configure:5400: checking how to run the C preprocessor
configure:5426: gcc -E  conftest.c
configure:5426: $? = 0
configure:5441: gcc -E  conftest.c
conftest.c:12:10: fatal error: ac_nonexistent.h: No such file or directory
   12 | #include <ac_nonexistent.h>
      |          ^~~~~~~~~~~~~~~~~~
compilation terminated.
configure:5441: $? = 1
configure: failed program was:
| /* confdefs.h */
| #define PACKAGE_NAME ""
| #define PACKAGE_TARNAME ""
| #define PACKAGE_VERSION ""
| #define PACKAGE_STRING ""
| #define PACKAGE_BUGREPORT ""
| #define PACKAGE_URL ""
| #define PACKAGE "pstocanonij"
| #define VERSION "1.0.0"
| #define PROG_PATH "/usr/bin"
| /* end confdefs.h.  */
| #include <ac_nonexistent.h>
configure:5468: result: gcc -E
configure:5482: gcc -E  conftest.c
configure:5482: $? = 0
configure:5497: gcc -E  conftest.c
conftest.c:12:10: fatal error: ac_nonexistent.h: No such file or directory
   12 | #include <ac_nonexistent.h>
      |          ^~~~~~~~~~~~~~~~~~
compilation terminated.
configure:5497: $? = 1
configure: failed program was:
| /* confdefs.h */
| #define PACKAGE_NAME ""
| #define PACKAGE_TARNAME ""
| #define PACKAGE_VERSION ""
| #define PACKAGE_STRING ""
| #define PACKAGE_BUGREPORT ""
| #define PACKAGE_URL ""
| #define PACKAGE "pstocanonij"
| #define VERSION "1.0.0"
| #define PROG_PATH "/usr/bin"
| /* end confdefs.h.  */
| #include <ac_nonexistent.h>
configure:5528: checking whether ln -s works
configure:5532: result: yes
configure:5539: checking whether make sets $(MAKE)
configure:5562: result: yes
configure:5619: checking for ranlib
configure:5640: found /usr/bin/ranlib
configure:5651: result: ranlib
configure:5705: checking build system type
configure:5720: result: armv7l-unknown-linux-gnueabihf
configure:5740: checking host system type
configure:5754: result: armv7l-unknown-linux-gnueabihf
configure:5795: checking how to print strings
configure:5822: result: printf
configure:5843: checking for a sed that does not truncate output
configure:5913: result: /usr/bin/sed
configure:5931: checking for grep that handles long lines and -e
configure:5995: result: /usr/bin/grep
configure:6000: checking for egrep
configure:6068: result: /usr/bin/grep -E
configure:6073: checking for fgrep
configure:6141: result: /usr/bin/grep -F
configure:6177: checking for ld used by gcc
configure:6245: result: /usr/bin/ld
configure:6252: checking if the linker (/usr/bin/ld) is GNU ld
configure:6268: result: yes
configure:6280: checking for BSD- or MS-compatible name lister (nm)
configure:6335: result: /usr/bin/nm -B
configure:6475: checking the name lister (/usr/bin/nm -B) interface
configure:6483: gcc -c -g -O2  conftest.c >&5
configure:6486: /usr/bin/nm -B "conftest.o"
configure:6489: output
00000000 B some_variable
configure:6496: result: BSD nm
configure:6500: checking the maximum length of command line arguments
configure:6632: result: 1572864
configure:6680: checking how to convert armv7l-unknown-linux-gnueabihf file names to armv7l-unknown-linux-gnueabihf format
configure:6721: result: func_convert_file_noop
configure:6728: checking how to convert armv7l-unknown-linux-gnueabihf file names to toolchain format
configure:6749: result: func_convert_file_noop
configure:6756: checking for /usr/bin/ld option to reload object files
configure:6764: result: -r
configure:6843: checking for file
configure:6864: found /usr/bin/file
configure:6875: result: file
configure:6951: checking for objdump
configure:6972: found /usr/bin/objdump
configure:6983: result: objdump
configure:7015: checking how to recognize dependent libraries
configure:7216: result: pass_all
configure:7306: checking for dlltool
configure:7341: result: no
configure:7371: checking how to associate runtime and link libraries
configure:7399: result: printf %s\n
configure:7465: checking for ar
configure:7486: found /usr/bin/ar
configure:7497: result: ar
configure:7550: checking for archiver @FILE support
configure:7568: gcc -c -g -O2  conftest.c >&5
configure:7568: $? = 0
configure:7572: ar cr libconftest.a @conftest.lst >&5
configure:7575: $? = 0
configure:7580: ar cr libconftest.a @conftest.lst >&5
ar: conftest.o: No such file or directory
configure:7583: $? = 1
configure:7595: result: @
configure:7658: checking for strip
configure:7679: found /usr/bin/strip
configure:7690: result: strip
configure:7767: checking for ranlib
configure:7799: result: ranlib
configure:7901: checking command to parse /usr/bin/nm -B output from gcc object
configure:8055: gcc -c -g -O2  conftest.c >&5
configure:8058: $? = 0
configure:8062: /usr/bin/nm -B conftest.o | /usr/bin/sed -n -e 's/^.*[	 ]\([ABCDGIRSTW][ABCDGIRSTW]*\)[	 ][	 ]*\([_A-Za-z][_A-Za-z0-9]*\)$/\1 \2 \2/p' | /usr/bin/sed '/ __gnu_lto/d' > conftest.nm
configure:8128: gcc -o conftest -g -O2   conftest.c conftstm.o >&5
configure:8131: $? = 0
configure:8169: result: ok
configure:8216: checking for sysroot
configure:8247: result: no
configure:8254: checking for a working dd
configure:8298: result: /usr/bin/dd
configure:8302: checking how to truncate binary pipes
configure:8318: result: /usr/bin/dd bs=4096 count=1
configure:8655: checking for mt
configure:8676: found /usr/bin/mt
configure:8687: result: mt
configure:8710: checking if mt is a manifest tool
configure:8717: mt '-?'
configure:8725: result: no
configure:9450: checking for stdio.h
configure:9450: gcc -c -g -O2  conftest.c >&5
configure:9450: $? = 0
configure:9450: result: yes
configure:9450: checking for stdlib.h
configure:9450: gcc -c -g -O2  conftest.c >&5
configure:9450: $? = 0
configure:9450: result: yes
configure:9450: checking for string.h
configure:9450: gcc -c -g -O2  conftest.c >&5
configure:9450: $? = 0
configure:9450: result: yes
configure:9450: checking for inttypes.h
configure:9450: gcc -c -g -O2  conftest.c >&5
configure:9450: $? = 0
configure:9450: result: yes
configure:9450: checking for stdint.h
configure:9450: gcc -c -g -O2  conftest.c >&5
configure:9450: $? = 0
configure:9450: result: yes
configure:9450: checking for strings.h
configure:9450: gcc -c -g -O2  conftest.c >&5
configure:9450: $? = 0
configure:9450: result: yes
configure:9450: checking for sys/stat.h
configure:9450: gcc -c -g -O2  conftest.c >&5
configure:9450: $? = 0
configure:9450: result: yes
configure:9450: checking for sys/types.h
configure:9450: gcc -c -g -O2  conftest.c >&5
configure:9450: $? = 0
configure:9450: result: yes
configure:9450: checking for unistd.h
configure:9450: gcc -c -g -O2  conftest.c >&5
configure:9450: $? = 0
configure:9450: result: yes
configure:9450: checking for vfork.h
configure:9450: gcc -c -g -O2  conftest.c >&5
conftest.c:49:10: fatal error: vfork.h: No such file or directory
   49 | #include <vfork.h>
      |          ^~~~~~~~~
compilation terminated.
configure:9450: $? = 1
configure: failed program was:
| /* confdefs.h */
| #define PACKAGE_NAME ""
| #define PACKAGE_TARNAME ""
| #define PACKAGE_VERSION ""
| #define PACKAGE_STRING ""
| #define PACKAGE_BUGREPORT ""
| #define PACKAGE_URL ""
| #define PACKAGE "pstocanonij"
| #define VERSION "1.0.0"
| #define PROG_PATH "/usr/bin"
| #define HAVE_STDIO_H 1
| #define HAVE_STDLIB_H 1
| #define HAVE_STRING_H 1
| #define HAVE_INTTYPES_H 1
| #define HAVE_STDINT_H 1
| #define HAVE_STRINGS_H 1
| #define HAVE_SYS_STAT_H 1
| #define HAVE_SYS_TYPES_H 1
| #define HAVE_UNISTD_H 1
| /* end confdefs.h.  */
| #include <stddef.h>
| #ifdef HAVE_STDIO_H
| # include <stdio.h>
| #endif
| #ifdef HAVE_STDLIB_H
| # include <stdlib.h>
| #endif
| #ifdef HAVE_STRING_H
| # include <string.h>
| #endif
| #ifdef HAVE_INTTYPES_H
| # include <inttypes.h>
| #endif
| #ifdef HAVE_STDINT_H
| # include <stdint.h>
| #endif
| #ifdef HAVE_STRINGS_H
| # include <strings.h>
| #endif
| #ifdef HAVE_SYS_TYPES_H
| # include <sys/types.h>
| #endif
| #ifdef HAVE_SYS_STAT_H
| # include <sys/stat.h>
| #endif
| #ifdef HAVE_UNISTD_H
| # include <unistd.h>
| #endif
| #include <vfork.h>
configure:9450: result: no
configure:9475: checking for dlfcn.h
configure:9475: gcc -c -g -O2  conftest.c >&5
configure:9475: $? = 0
configure:9475: result: yes
configure:9745: checking for objdir
configure:9761: result: .libs
configure:10021: checking if gcc supports -fno-rtti -fno-exceptions
configure:10040: gcc -c -g -O2  -fno-rtti -fno-exceptions conftest.c >&5
cc1: warning: command-line option '-fno-rtti' is valid for C++/D/ObjC++ but not for C
configure:10044: $? = 0
configure:10057: result: no
configure:10421: checking for gcc option to produce PIC
configure:10429: result: -fPIC -DPIC
configure:10437: checking if gcc PIC flag -fPIC -DPIC works
configure:10456: gcc -c -g -O2  -fPIC -DPIC -DPIC conftest.c >&5
configure:10460: $? = 0
configure:10473: result: yes
configure:10502: checking if gcc static flag -static works
configure:10531: result: yes
configure:10546: checking if gcc supports -c -o file.o
configure:10568: gcc -c -g -O2  -o out/conftest2.o conftest.c >&5
configure:10572: $? = 0
configure:10594: result: yes
configure:10602: checking if gcc supports -c -o file.o
configure:10650: result: yes
configure:10683: checking whether the gcc linker (/usr/bin/ld) supports shared libraries
configure:11957: result: yes
configure:11994: checking whether -lc should be explicitly linked in
configure:12003: gcc -c -g -O2  conftest.c >&5
configure:12006: $? = 0
configure:12021: gcc -shared  -fPIC -DPIC conftest.o  -v -Wl,-soname -Wl,conftest -o conftest 2\>\&1 \| /usr/bin/grep  -lc  \>/dev/null 2\>\&1
configure:12024: $? = 0
configure:12038: result: no
configure:12198: checking dynamic linker characteristics
configure:12780: gcc -o conftest -g -O2   -Wl,-rpath -Wl,/foo conftest.c  >&5
configure:12780: $? = 0
configure:13031: result: GNU/Linux ld.so
configure:13153: checking how to hardcode library paths into programs
configure:13178: result: immediate
configure:13730: checking whether stripping libraries is possible
configure:13739: result: yes
configure:13781: checking if libtool supports shared libraries
configure:13783: result: yes
configure:13786: checking whether to build shared libraries
configure:13811: result: yes
configure:13814: checking whether to build static libraries
configure:13818: result: yes
configure:13841: checking how to run the C++ preprocessor
configure:13863: g++ -E  conftest.cpp
configure:13863: $? = 0
configure:13878: g++ -E  conftest.cpp
conftest.cpp:24:10: fatal error: ac_nonexistent.h: No such file or directory
   24 | #include <ac_nonexistent.h>
      |          ^~~~~~~~~~~~~~~~~~
compilation terminated.
configure:13878: $? = 1
configure: failed program was:
| /* confdefs.h */
| #define PACKAGE_NAME ""
| #define PACKAGE_TARNAME ""
| #define PACKAGE_VERSION ""
| #define PACKAGE_STRING ""
| #define PACKAGE_BUGREPORT ""
| #define PACKAGE_URL ""
| #define PACKAGE "pstocanonij"
| #define VERSION "1.0.0"
| #define PROG_PATH "/usr/bin"
| #define HAVE_STDIO_H 1
| #define HAVE_STDLIB_H 1
| #define HAVE_STRING_H 1
| #define HAVE_INTTYPES_H 1
| #define HAVE_STDINT_H 1
| #define HAVE_STRINGS_H 1
| #define HAVE_SYS_STAT_H 1
| #define HAVE_SYS_TYPES_H 1
| #define HAVE_UNISTD_H 1
| #define STDC_HEADERS 1
| #define HAVE_DLFCN_H 1
| #define LT_OBJDIR ".libs/"
| /* end confdefs.h.  */
| #include <ac_nonexistent.h>
configure:13905: result: g++ -E
configure:13919: g++ -E  conftest.cpp
configure:13919: $? = 0
configure:13934: g++ -E  conftest.cpp
conftest.cpp:24:10: fatal error: ac_nonexistent.h: No such file or directory
   24 | #include <ac_nonexistent.h>
      |          ^~~~~~~~~~~~~~~~~~
compilation terminated.
configure:13934: $? = 1
configure: failed program was:
| /* confdefs.h */
| #define PACKAGE_NAME ""
| #define PACKAGE_TARNAME ""
| #define PACKAGE_VERSION ""
| #define PACKAGE_STRING ""
| #define PACKAGE_BUGREPORT ""
| #define PACKAGE_URL ""
| #define PACKAGE "pstocanonij"
| #define VERSION "1.0.0"
| #define PROG_PATH "/usr/bin"
| #define HAVE_STDIO_H 1
| #define HAVE_STDLIB_H 1
| #define HAVE_STRING_H 1
| #define HAVE_INTTYPES_H 1
| #define HAVE_STDINT_H 1
| #define HAVE_STRINGS_H 1
| #define HAVE_SYS_STAT_H 1
| #define HAVE_SYS_TYPES_H 1
| #define HAVE_UNISTD_H 1
| #define STDC_HEADERS 1
| #define HAVE_DLFCN_H 1
| #define LT_OBJDIR ".libs/"
| /* end confdefs.h.  */
| #include <ac_nonexistent.h>
configure:14099: checking for ld used by g++
configure:14167: result: /usr/bin/ld
configure:14174: checking if the linker (/usr/bin/ld) is GNU ld
configure:14190: result: yes
configure:14245: checking whether the g++ linker (/usr/bin/ld) supports shared libraries
configure:15323: result: yes
configure:15359: g++ -c -g -O2  conftest.cpp >&5
configure:15362: $? = 0
configure:15843: checking for g++ option to produce PIC
configure:15851: result: -fPIC -DPIC
configure:15859: checking if g++ PIC flag -fPIC -DPIC works
configure:15878: g++ -c -g -O2  -fPIC -DPIC -DPIC conftest.cpp >&5
configure:15882: $? = 0
configure:15895: result: yes
configure:15918: checking if g++ static flag -static works
configure:15947: result: yes
configure:15959: checking if g++ supports -c -o file.o
configure:15981: g++ -c -g -O2  -o out/conftest2.o conftest.cpp >&5
configure:15985: $? = 0
configure:16007: result: yes
configure:16012: checking if g++ supports -c -o file.o
configure:16060: result: yes
configure:16090: checking whether the g++ linker (/usr/bin/ld) supports shared libraries
configure:16133: result: yes
configure:16275: checking dynamic linker characteristics
configure:17035: result: GNU/Linux ld.so
configure:17100: checking how to hardcode library paths into programs
configure:17125: result: immediate
configure:17189: checking for main in -lcups
configure:17209: gcc -o conftest -g -O2   conftest.c -lcups   >&5
configure:17209: $? = 0
configure:17219: result: yes
configure:17230: checking for main in -lparamlist
configure:17250: gcc -o conftest -g -O2   conftest.c -lparamlist  -lcups  >&5
/usr/bin/ld: cannot find -lparamlist: No such file or directory
collect2: error: ld returned 1 exit status
configure:17250: $? = 1
configure: failed program was:
| /* confdefs.h */
| #define PACKAGE_NAME ""
| #define PACKAGE_TARNAME ""
| #define PACKAGE_VERSION ""
| #define PACKAGE_STRING ""
| #define PACKAGE_BUGREPORT ""
| #define PACKAGE_URL ""
| #define PACKAGE "pstocanonij"
| #define VERSION "1.0.0"
| #define PROG_PATH "/usr/bin"
| #define HAVE_STDIO_H 1
| #define HAVE_STDLIB_H 1
| #define HAVE_STRING_H 1
| #define HAVE_INTTYPES_H 1
| #define HAVE_STDINT_H 1
| #define HAVE_STRINGS_H 1
| #define HAVE_SYS_STAT_H 1
| #define HAVE_SYS_TYPES_H 1
| #define HAVE_UNISTD_H 1
| #define STDC_HEADERS 1
| #define HAVE_DLFCN_H 1
| #define LT_OBJDIR ".libs/"
| #define HAVE_LIBCUPS 1
| /* end confdefs.h.  */
| 
| 
| int
| main (void)
| {
| return main ();
|   ;
|   return 0;
| }
configure:17260: result: no
configure:17271: checking for main in -lpopt
configure:17291: gcc -o conftest -g -O2   conftest.c -lpopt  -lcups  >&5
configure:17291: $? = 0
configure:17301: result: yes
configure:17316: checking for egrep
configure:17384: result: /usr/bin/grep -E
configure:17390: checking for sys/wait.h that is POSIX.1 compatible
configure:17417: gcc -c -g -O2  conftest.c >&5
configure:17417: $? = 0
configure:17425: result: yes
configure:17433: checking for arpa/inet.h
configure:17433: gcc -c -g -O2  conftest.c >&5
configure:17433: $? = 0
configure:17433: result: yes
configure:17439: checking for fcntl.h
configure:17439: gcc -c -g -O2  conftest.c >&5
configure:17439: $? = 0
configure:17439: result: yes
configure:17445: checking for malloc.h
configure:17445: gcc -c -g -O2  conftest.c >&5
configure:17445: $? = 0
configure:17445: result: yes
configure:17451: checking for netdb.h
configure:17451: gcc -c -g -O2  conftest.c >&5
configure:17451: $? = 0
configure:17451: result: yes
configure:17457: checking for netinet/in.h
configure:17457: gcc -c -g -O2  conftest.c >&5
configure:17457: $? = 0
configure:17457: result: yes
configure:17463: checking for stdlib.h
configure:17463: result: yes
configure:17469: checking for string.h
configure:17469: result: yes
configure:17475: checking for sys/socket.h
configure:17475: gcc -c -g -O2  conftest.c >&5
configure:17475: $? = 0
configure:17475: result: yes
configure:17481: checking for unistd.h
configure:17481: result: yes
configure:17490: checking for an ANSI C-conforming const
configure:17557: gcc -c -g -O2  conftest.c >&5
configure:17557: $? = 0
configure:17565: result: yes
configure:17573: checking for size_t
configure:17573: gcc -c -g -O2  conftest.c >&5
configure:17573: $? = 0
configure:17573: gcc -c -g -O2  conftest.c >&5
conftest.c: In function 'main':
conftest.c:67:21: error: expected expression before ')' token
   67 | if (sizeof ((size_t)))
      |                     ^
configure:17573: $? = 1
configure: failed program was:
| /* confdefs.h */
| #define PACKAGE_NAME ""
| #define PACKAGE_TARNAME ""
| #define PACKAGE_VERSION ""
| #define PACKAGE_STRING ""
| #define PACKAGE_BUGREPORT ""
| #define PACKAGE_URL ""
| #define PACKAGE "pstocanonij"
| #define VERSION "1.0.0"
| #define PROG_PATH "/usr/bin"
| #define HAVE_STDIO_H 1
| #define HAVE_STDLIB_H 1
| #define HAVE_STRING_H 1
| #define HAVE_INTTYPES_H 1
| #define HAVE_STDINT_H 1
| #define HAVE_STRINGS_H 1
| #define HAVE_SYS_STAT_H 1
| #define HAVE_SYS_TYPES_H 1
| #define HAVE_UNISTD_H 1
| #define STDC_HEADERS 1
| #define HAVE_DLFCN_H 1
| #define LT_OBJDIR ".libs/"
| #define HAVE_LIBCUPS 1
| #define HAVE_LIBPOPT 1
| #define HAVE_SYS_WAIT_H 1
| #define HAVE_ARPA_INET_H 1
| #define HAVE_FCNTL_H 1
| #define HAVE_MALLOC_H 1
| #define HAVE_NETDB_H 1
| #define HAVE_NETINET_IN_H 1
| #define HAVE_STDLIB_H 1
| #define HAVE_STRING_H 1
| #define HAVE_SYS_SOCKET_H 1
| #define HAVE_UNISTD_H 1
| /* end confdefs.h.  */
| #include <stddef.h>
| #ifdef HAVE_STDIO_H
| # include <stdio.h>
| #endif
| #ifdef HAVE_STDLIB_H
| # include <stdlib.h>
| #endif
| #ifdef HAVE_STRING_H
| # include <string.h>
| #endif
| #ifdef HAVE_INTTYPES_H
| # include <inttypes.h>
| #endif
| #ifdef HAVE_STDINT_H
| # include <stdint.h>
| #endif
| #ifdef HAVE_STRINGS_H
| # include <strings.h>
| #endif
| #ifdef HAVE_SYS_TYPES_H
| # include <sys/types.h>
| #endif
| #ifdef HAVE_SYS_STAT_H
| # include <sys/stat.h>
| #endif
| #ifdef HAVE_UNISTD_H
| # include <unistd.h>
| #endif
| int
| main (void)
| {
| if (sizeof ((size_t)))
| 	    return 0;
|   ;
|   return 0;
| }
configure:17573: result: yes
configure:17586: checking for pid_t
configure:17586: gcc -c -g -O2  conftest.c >&5
configure:17586: $? = 0
configure:17586: gcc -c -g -O2  conftest.c >&5
conftest.c: In function 'main':
conftest.c:68:20: error: expected expression before ')' token
   68 | if (sizeof ((pid_t)))
      |                    ^
configure:17586: $? = 1
configure: failed program was:
| /* confdefs.h */
| #define PACKAGE_NAME ""
| #define PACKAGE_TARNAME ""
| #define PACKAGE_VERSION ""
| #define PACKAGE_STRING ""
| #define PACKAGE_BUGREPORT ""
| #define PACKAGE_URL ""
| #define PACKAGE "pstocanonij"
| #define VERSION "1.0.0"
| #define PROG_PATH "/usr/bin"
| #define HAVE_STDIO_H 1
| #define HAVE_STDLIB_H 1
| #define HAVE_STRING_H 1
| #define HAVE_INTTYPES_H 1
| #define HAVE_STDINT_H 1
| #define HAVE_STRINGS_H 1
| #define HAVE_SYS_STAT_H 1
| #define HAVE_SYS_TYPES_H 1
| #define HAVE_UNISTD_H 1
| #define STDC_HEADERS 1
| #define HAVE_DLFCN_H 1
| #define LT_OBJDIR ".libs/"
| #define HAVE_LIBCUPS 1
| #define HAVE_LIBPOPT 1
| #define HAVE_SYS_WAIT_H 1
| #define HAVE_ARPA_INET_H 1
| #define HAVE_FCNTL_H 1
| #define HAVE_MALLOC_H 1
| #define HAVE_NETDB_H 1
| #define HAVE_NETINET_IN_H 1
| #define HAVE_STDLIB_H 1
| #define HAVE_STRING_H 1
| #define HAVE_SYS_SOCKET_H 1
| #define HAVE_UNISTD_H 1
| /* end confdefs.h.  */
| #include <stddef.h>
| #ifdef HAVE_STDIO_H
| # include <stdio.h>
| #endif
| #ifdef HAVE_STDLIB_H
| # include <stdlib.h>
| #endif
| #ifdef HAVE_STRING_H
| # include <string.h>
| #endif
| #ifdef HAVE_INTTYPES_H
| # include <inttypes.h>
| #endif
| #ifdef HAVE_STDINT_H
| # include <stdint.h>
| #endif
| #ifdef HAVE_STRINGS_H
| # include <strings.h>
| #endif
| #ifdef HAVE_SYS_TYPES_H
| # include <sys/types.h>
| #endif
| #ifdef HAVE_SYS_STAT_H
| # include <sys/stat.h>
| #endif
| #ifdef HAVE_UNISTD_H
| # include <unistd.h>
| #endif
| 
| int
| main (void)
| {
| if (sizeof ((pid_t)))
| 	    return 0;
|   ;
|   return 0;
| }
configure:17586: result: yes
configure:17627: checking for fork
configure:17627: gcc -o conftest -g -O2   conftest.c -lpopt -lcups  >&5
conftest.c:52:6: warning: conflicting types for built-in function 'fork'; expected 'int(void)' [-Wbuiltin-declaration-mismatch]
   52 | char fork ();
      |      ^~~~
configure:17627: $? = 0
configure:17627: result: yes
configure:17627: checking for vfork
configure:17627: gcc -o conftest -g -O2   conftest.c -lpopt -lcups  >&5
configure:17627: $? = 0
configure:17627: result: yes
configure:17640: checking for working fork
configure:17664: gcc -o conftest -g -O2   conftest.c -lpopt -lcups  >&5
configure:17664: $? = 0
configure:17664: ./conftest
configure:17664: $? = 0
configure:17675: result: yes
configure:17696: checking for working vfork
configure:17825: result: yes
configure:17850: checking for GNU libc compatible malloc
configure:17882: gcc -o conftest -g -O2   conftest.c -lpopt -lcups  >&5
configure:17882: $? = 0
configure:17882: ./conftest
configure:17882: $? = 0
configure:17893: result: yes
configure:17915: checking for dup2
configure:17915: gcc -o conftest -g -O2   conftest.c -lpopt -lcups  >&5
configure:17915: $? = 0
configure:17915: result: yes
configure:17921: checking for memset
configure:17921: gcc -o conftest -g -O2   conftest.c -lpopt -lcups  >&5
conftest.c:58:6: warning: conflicting types for built-in function 'memset'; expected 'void *(void *, int,  unsigned int)' [-Wbuiltin-declaration-mismatch]
   58 | char memset ();
      |      ^~~~~~
conftest.c:50:1: note: 'memset' is declared in header '<string.h>'
   49 | #include <limits.h>
   50 | #undef memset
configure:17921: $? = 0
configure:17921: result: yes
configure:17927: checking for socket
configure:17927: gcc -o conftest -g -O2   conftest.c -lpopt -lcups  >&5
configure:17927: $? = 0
configure:17927: result: yes
configure:17933: checking for strdup
configure:17933: gcc -o conftest -g -O2   conftest.c -lpopt -lcups  >&5
conftest.c:60:6: warning: conflicting types for built-in function 'strdup'; expected 'char *(const char *)' [-Wbuiltin-declaration-mismatch]
   60 | char strdup ();
      |      ^~~~~~
configure:17933: $? = 0
configure:17933: result: yes
configure:17939: checking for strrchr
configure:17939: gcc -o conftest -g -O2   conftest.c -lpopt -lcups  >&5
conftest.c:61:6: warning: conflicting types for built-in function 'strrchr'; expected 'char *(const char *, int)' [-Wbuiltin-declaration-mismatch]
   61 | char strrchr ();
      |      ^~~~~~~
conftest.c:53:1: note: 'strrchr' is declared in header '<string.h>'
   52 | #include <limits.h>
   53 | #undef strrchr
configure:17939: $? = 0
configure:17939: result: yes
configure:18051: checking that generated files are newer than configure
configure:18057: result: done
configure:18084: creating ./config.status

## ---------------------- ##
## Running config.status. ##
## ---------------------- ##

This file was extended by config.status, which was
generated by GNU Autoconf 2.71.  Invocation command line was

  CONFIG_FILES    = 
  CONFIG_HEADERS  = 
  CONFIG_LINKS    = 
  CONFIG_COMMANDS = 
  $ ./config.status 

on onecloud

config.status:1171: creating Makefile
config.status:1171: creating filter/Makefile
config.status:1171: creating config.h
config.status:1400: executing depfiles commands
config.status:1477: cd filter       && sed -e '/# am--include-marker/d' Makefile         | make -f - am--depfiles
make: Nothing to be done for 'am--depfiles'.
config.status:1482: $? = 0
config.status:1400: executing libtool commands

## ---------------- ##
## Cache variables. ##
## ---------------- ##

ac_cv_build=armv7l-unknown-linux-gnueabihf
ac_cv_c_compiler_gnu=yes
ac_cv_c_const=yes
ac_cv_cxx_compiler_gnu=yes
ac_cv_env_CCC_set=
ac_cv_env_CCC_value=
ac_cv_env_CC_set=
ac_cv_env_CC_value=
ac_cv_env_CFLAGS_set=
ac_cv_env_CFLAGS_value=
ac_cv_env_CPPFLAGS_set=
ac_cv_env_CPPFLAGS_value=
ac_cv_env_CPP_set=
ac_cv_env_CPP_value=
ac_cv_env_CXXCPP_set=
ac_cv_env_CXXCPP_value=
ac_cv_env_CXXFLAGS_set=
ac_cv_env_CXXFLAGS_value=
ac_cv_env_CXX_set=
ac_cv_env_CXX_value=
ac_cv_env_LDFLAGS_set=
ac_cv_env_LDFLAGS_value=
ac_cv_env_LIBS_set=
ac_cv_env_LIBS_value=
ac_cv_env_LT_SYS_LIBRARY_PATH_set=
ac_cv_env_LT_SYS_LIBRARY_PATH_value=
ac_cv_env_build_alias_set=
ac_cv_env_build_alias_value=
ac_cv_env_host_alias_set=
ac_cv_env_host_alias_value=
ac_cv_env_target_alias_set=
ac_cv_env_target_alias_value=
ac_cv_func_dup2=yes
ac_cv_func_fork=yes
ac_cv_func_fork_works=yes
ac_cv_func_malloc_0_nonnull=yes
ac_cv_func_memset=yes
ac_cv_func_socket=yes
ac_cv_func_strdup=yes
ac_cv_func_strrchr=yes
ac_cv_func_vfork=yes
ac_cv_func_vfork_works=yes
ac_cv_header_arpa_inet_h=yes
ac_cv_header_dlfcn_h=yes
ac_cv_header_fcntl_h=yes
ac_cv_header_inttypes_h=yes
ac_cv_header_malloc_h=yes
ac_cv_header_netdb_h=yes
ac_cv_header_netinet_in_h=yes
ac_cv_header_stdint_h=yes
ac_cv_header_stdio_h=yes
ac_cv_header_stdlib_h=yes
ac_cv_header_string_h=yes
ac_cv_header_strings_h=yes
ac_cv_header_sys_socket_h=yes
ac_cv_header_sys_stat_h=yes
ac_cv_header_sys_types_h=yes
ac_cv_header_sys_wait_h=yes
ac_cv_header_unistd_h=yes
ac_cv_header_vfork_h=no
ac_cv_host=armv7l-unknown-linux-gnueabihf
ac_cv_lib_cups_main=yes
ac_cv_lib_paramlist_main=no
ac_cv_lib_popt_main=yes
ac_cv_objext=o
ac_cv_path_EGREP='/usr/bin/grep -E'
ac_cv_path_FGREP='/usr/bin/grep -F'
ac_cv_path_GREP=/usr/bin/grep
ac_cv_path_SED=/usr/bin/sed
ac_cv_path_install='/usr/bin/install -c'
ac_cv_path_lt_DD=/usr/bin/dd
ac_cv_path_mkdir=/usr/bin/mkdir
ac_cv_prog_AWK=mawk
ac_cv_prog_CPP='gcc -E'
ac_cv_prog_CXXCPP='g++ -E'
ac_cv_prog_ac_ct_AR=ar
ac_cv_prog_ac_ct_CC=gcc
ac_cv_prog_ac_ct_CXX=g++
ac_cv_prog_ac_ct_FILECMD=file
ac_cv_prog_ac_ct_MANIFEST_TOOL=mt
ac_cv_prog_ac_ct_OBJDUMP=objdump
ac_cv_prog_ac_ct_RANLIB=ranlib
ac_cv_prog_ac_ct_STRIP=strip
ac_cv_prog_cc_c11=
ac_cv_prog_cc_g=yes
ac_cv_prog_cc_stdc=
ac_cv_prog_cxx_cxx11=
ac_cv_prog_cxx_g=yes
ac_cv_prog_cxx_stdcxx=
ac_cv_prog_make_make_set=yes
ac_cv_type_pid_t=yes
ac_cv_type_size_t=yes
am_cv_CC_dependencies_compiler_type=gcc3
am_cv_CXX_dependencies_compiler_type=gcc3
am_cv_make_support_nested_variables=yes
am_cv_prog_cc_c_o=yes
lt_cv_ar_at_file=@
lt_cv_archive_cmds_need_lc=no
lt_cv_deplibs_check_method=pass_all
lt_cv_file_magic_cmd='$MAGIC_CMD'
lt_cv_file_magic_test_file=
lt_cv_ld_reload_flag=-r
lt_cv_nm_interface='BSD nm'
lt_cv_objdir=.libs
lt_cv_path_LD=/usr/bin/ld
lt_cv_path_LDCXX=/usr/bin/ld
lt_cv_path_NM='/usr/bin/nm -B'
lt_cv_path_mainfest_tool=no
lt_cv_prog_compiler_c_o=yes
lt_cv_prog_compiler_c_o_CXX=yes
lt_cv_prog_compiler_pic='-fPIC -DPIC'
lt_cv_prog_compiler_pic_CXX='-fPIC -DPIC'
lt_cv_prog_compiler_pic_works=yes
lt_cv_prog_compiler_pic_works_CXX=yes
lt_cv_prog_compiler_rtti_exceptions=no
lt_cv_prog_compiler_static_works=yes
lt_cv_prog_compiler_static_works_CXX=yes
lt_cv_prog_gnu_ld=yes
lt_cv_prog_gnu_ldcxx=yes
lt_cv_sharedlib_from_linklib_cmd='printf %s\n'
lt_cv_shlibpath_overrides_runpath=yes
lt_cv_sys_global_symbol_pipe='/usr/bin/sed -n -e '\''s/^.*[	 ]\([ABCDGIRSTW][ABCDGIRSTW]*\)[	 ][	 ]*\([_A-Za-z][_A-Za-z0-9]*\)$/\1 \2 \2/p'\'' | /usr/bin/sed '\''/ __gnu_lto/d'\'''
lt_cv_sys_global_symbol_to_c_name_address='/usr/bin/sed -n -e '\''s/^: \(.*\) .*$/  {"\1", (void *) 0},/p'\'' -e '\''s/^[ABCDGIRSTW][ABCDGIRSTW]* .* \(.*\)$/  {"\1", (void *) \&\1},/p'\'''
lt_cv_sys_global_symbol_to_c_name_address_lib_prefix='/usr/bin/sed -n -e '\''s/^: \(.*\) .*$/  {"\1", (void *) 0},/p'\'' -e '\''s/^[ABCDGIRSTW][ABCDGIRSTW]* .* \(lib.*\)$/  {"\1", (void *) \&\1},/p'\'' -e '\''s/^[ABCDGIRSTW][ABCDGIRSTW]* .* \(.*\)$/  {"lib\1", (void *) \&\1},/p'\'''
lt_cv_sys_global_symbol_to_cdecl='/usr/bin/sed -n -e '\''s/^T .* \(.*\)$/extern int \1();/p'\'' -e '\''s/^[ABCDGIRSTW][ABCDGIRSTW]* .* \(.*\)$/extern char \1;/p'\'''
lt_cv_sys_global_symbol_to_import=
lt_cv_sys_max_cmd_len=1572864
lt_cv_to_host_file_cmd=func_convert_file_noop
lt_cv_to_tool_file_cmd=func_convert_file_noop
lt_cv_truncate_bin='/usr/bin/dd bs=4096 count=1'

## ----------------- ##
## Output variables. ##
## ----------------- ##

ACLOCAL='${SHELL} '\''/home/cnijfilter-source-3.70-1/pstocanonij/missing'\'' aclocal-1.16'
AMDEPBACKSLASH='\'
AMDEP_FALSE='#'
AMDEP_TRUE=''
AMTAR='$${TAR-tar}'
AM_BACKSLASH='\'
AM_DEFAULT_V='$(AM_DEFAULT_VERBOSITY)'
AM_DEFAULT_VERBOSITY='1'
AM_V='$(V)'
AR='ar'
AUTOCONF='${SHELL} '\''/home/cnijfilter-source-3.70-1/pstocanonij/missing'\'' autoconf'
AUTOHEADER='${SHELL} '\''/home/cnijfilter-source-3.70-1/pstocanonij/missing'\'' autoheader'
AUTOMAKE='${SHELL} '\''/home/cnijfilter-source-3.70-1/pstocanonij/missing'\'' automake-1.16'
AWK='mawk'
CC='gcc'
CCDEPMODE='depmode=gcc3'
CFLAGS='-O2'
CPP='gcc -E'
CPPFLAGS=''
CSCOPE='cscope'
CTAGS='ctags'
CXX='g++'
CXXCPP='g++ -E'
CXXDEPMODE='depmode=gcc3'
CXXFLAGS='-g -O2'
CYGPATH_W='echo'
DEFS='-DHAVE_CONFIG_H'
DEPDIR='.deps'
DLLTOOL='false'
DSYMUTIL=''
DUMPBIN=''
ECHO_C=''
ECHO_N='-n'
ECHO_T=''
EGREP='/usr/bin/grep -E'
ETAGS='etags'
EXEEXT=''
FGREP='/usr/bin/grep -F'
FILECMD='file'
GREP='/usr/bin/grep'
INSTALL_DATA='${INSTALL} -m 644'
INSTALL_PROGRAM='${INSTALL}'
INSTALL_SCRIPT='${INSTALL}'
INSTALL_STRIP_PROGRAM='$(install_sh) -c -s'
LD='/usr/bin/ld'
LDFLAGS=''
LIBOBJS=''
LIBS='-lpopt -lcups '
LIBTOOL='$(SHELL) $(top_builddir)/libtool'
LIPO=''
LN_S='ln -s'
LTLIBOBJS=''
LT_SYS_LIBRARY_PATH=''
MAKEINFO='${SHELL} '\''/home/cnijfilter-source-3.70-1/pstocanonij/missing'\'' makeinfo'
MANIFEST_TOOL=':'
MKDIR_P='/usr/bin/mkdir -p'
NM='/usr/bin/nm -B'
NMEDIT=''
OBJDUMP='objdump'
OBJEXT='o'
OTOOL64=''
OTOOL=''
PACKAGE='pstocanonij'
PACKAGE_BUGREPORT=''
PACKAGE_NAME=''
PACKAGE_STRING=''
PACKAGE_TARNAME=''
PACKAGE_URL=''
PACKAGE_VERSION=''
PATH_SEPARATOR=':'
PROG_PATH=''
RANLIB='ranlib'
SED='/usr/bin/sed'
SET_MAKE=''
SHELL='/bin/bash'
STRIP='strip'
VERSION='1.0.0'
ac_ct_AR='ar'
ac_ct_CC='gcc'
ac_ct_CXX='g++'
ac_ct_DUMPBIN=''
am__EXEEXT_FALSE=''
am__EXEEXT_TRUE='#'
am__fastdepCC_FALSE='#'
am__fastdepCC_TRUE=''
am__fastdepCXX_FALSE='#'
am__fastdepCXX_TRUE=''
am__include='include'
am__isrc=''
am__leading_dot='.'
am__nodep='_no'
am__quote=''
am__tar='$${TAR-tar} chof - "$$tardir"'
am__untar='$${TAR-tar} xf -'
bindir='${exec_prefix}/bin'
build='armv7l-unknown-linux-gnueabihf'
build_alias=''
build_cpu='armv7l'
build_os='linux-gnueabihf'
build_vendor='unknown'
datadir='${datarootdir}'
datarootdir='${prefix}/share'
docdir='${datarootdir}/doc/${PACKAGE}'
dvidir='${docdir}'
exec_prefix='${prefix}'
host='armv7l-unknown-linux-gnueabihf'
host_alias=''
host_cpu='armv7l'
host_os='linux-gnueabihf'
host_vendor='unknown'
htmldir='${docdir}'
includedir='${prefix}/include'
infodir='${datarootdir}/info'
install_sh='${SHELL} /home/cnijfilter-source-3.70-1/pstocanonij/install-sh'
libdir='${exec_prefix}/lib'
libexecdir='${exec_prefix}/libexec'
localedir='${datarootdir}/locale'
localstatedir='${prefix}/var'
mandir='${datarootdir}/man'
mkdir_p='$(MKDIR_P)'
oldincludedir='/usr/include'
pdfdir='${docdir}'
prefix='/usr'
program_transform_name='s&$$&ip100&'
psdir='${docdir}'
runstatedir='${localstatedir}/run'
sbindir='${exec_prefix}/sbin'
sharedstatedir='${prefix}/com'
sysconfdir='${prefix}/etc'
target_alias=''

## ----------- ##
## confdefs.h. ##
## ----------- ##

/* confdefs.h */
#define PACKAGE_NAME ""
#define PACKAGE_TARNAME ""
#define PACKAGE_VERSION ""
#define PACKAGE_STRING ""
#define PACKAGE_BUGREPORT ""
#define PACKAGE_URL ""
#define PACKAGE "pstocanonij"
#define VERSION "1.0.0"
#define PROG_PATH "/usr/bin"
#define HAVE_STDIO_H 1
#define HAVE_STDLIB_H 1
#define HAVE_STRING_H 1
#define HAVE_INTTYPES_H 1
#define HAVE_STDINT_H 1
#define HAVE_STRINGS_H 1
#define HAVE_SYS_STAT_H 1
#define HAVE_SYS_TYPES_H 1
#define HAVE_UNISTD_H 1
#define STDC_HEADERS 1
#define HAVE_DLFCN_H 1
#define LT_OBJDIR ".libs/"
#define HAVE_LIBCUPS 1
#define HAVE_LIBPOPT 1
#define HAVE_SYS_WAIT_H 1
#define HAVE_ARPA_INET_H 1
#define HAVE_FCNTL_H 1
#define HAVE_MALLOC_H 1
#define HAVE_NETDB_H 1
#define HAVE_NETINET_IN_H 1
#define HAVE_STDLIB_H 1
#define HAVE_STRING_H 1
#define HAVE_SYS_SOCKET_H 1
#define HAVE_UNISTD_H 1
#define HAVE_FORK 1
#define HAVE_VFORK 1
#define HAVE_WORKING_VFORK 1
#define HAVE_WORKING_FORK 1
#define HAVE_MALLOC 1
#define HAVE_DUP2 1
#define HAVE_MEMSET 1
#define HAVE_SOCKET 1
#define HAVE_STRDUP 1
#define HAVE_STRRCHR 1

configure: exit 0
