This file contains any messages produced by compilers while
running configure, to aid debugging if configure makes a mistake.

It was created by configure, which was
generated by GNU Autoconf 2.71.  Invocation command line was

  $ ./configure

## --------- ##
## Platform. ##
## --------- ##

hostname = onecloud
uname -m = armv7l
uname -r = 6.12.58-current-meson
uname -s = Linux
uname -v = #1 SMP Thu Nov 13 20:34:41 UTC 2025

/usr/bin/uname -p = unknown
/bin/uname -X     = unknown

/bin/arch              = armv7l
/usr/bin/arch -k       = unknown
/usr/convex/getsysinfo = unknown
/usr/bin/hostinfo      = unknown
/bin/machine           = unknown
/usr/bin/oslevel       = unknown
/bin/universe          = unknown

PATH: /usr/local/sbin/
PATH: /usr/local/bin/
PATH: /usr/sbin/
PATH: /usr/bin/
PATH: /sbin/
PATH: /bin/


## ----------- ##
## Core tests. ##
## ----------- ##

configure:2811: looking for aux files: config.guess config.sub ltmain.sh compile missing install-sh
configure:2824:  trying ./
configure:2853:   ./config.guess found
configure:2853:   ./config.sub found
configure:2853:   ./ltmain.sh found
configure:2853:   ./compile found
configure:2853:   ./missing found
configure:2835:   ./install-sh found
configure:2982: checking for a BSD-compatible install
configure:3055: result: /usr/bin/install -c
configure:3066: checking whether build environment is sane
configure:3121: result: yes
configure:3280: checking for a race-free mkdir -p
configure:3324: result: /usr/bin/mkdir -p
configure:3331: checking for gawk
configure:3366: result: no
configure:3331: checking for mawk
configure:3352: found /usr/bin/mawk
configure:3363: result: mawk
configure:3374: checking whether make sets $(MAKE)
configure:3397: result: yes
configure:3427: checking whether make supports nested variables
configure:3445: result: yes
configure:3671: checking for g++
configure:3692: found /usr/bin/g++
configure:3703: result: g++
configure:3730: checking for C++ compiler version
configure:3739: g++ --version >&5
g++ (Debian 12.2.0-14+deb12u1) 12.2.0
Copyright (C) 2022 Free Software Foundation, Inc.
This is free software; see the source for copying conditions.  There is NO
warranty; not even for MERCHANTABILITY or FITNESS FOR A PARTICULAR PURPOSE.

configure:3750: $? = 0
configure:3739: g++ -v >&5
Using built-in specs.
COLLECT_GCC=g++
COLLECT_LTO_WRAPPER=/usr/lib/gcc/arm-linux-gnueabihf/12/lto-wrapper
Target: arm-linux-gnueabihf
Configured with: ../src/configure -v --with-pkgversion='Debian 12.2.0-14+deb12u1' --with-bugurl=file:///usr/share/doc/gcc-12/README.Bugs --enable-languages=c,ada,c++,go,d,fortran,objc,obj-c++,m2 --prefix=/usr --with-gcc-major-version-only --program-suffix=-12 --program-prefix=arm-linux-gnueabihf- --enable-shared --enable-linker-build-id --libexecdir=/usr/lib --without-included-gettext --enable-threads=posix --libdir=/usr/lib --enable-nls --enable-clocale=gnu --enable-libstdcxx-debug --enable-libstdcxx-time=yes --with-default-libstdcxx-abi=new --enable-gnu-unique-object --disable-libitm --disable-libquadmath --disable-libquadmath-support --enable-plugin --enable-default-pie --with-system-zlib --enable-libphobos-checking=release --with-target-system-zlib=auto --enable-objc-gc=auto --enable-multiarch --disable-sjlj-exceptions --with-arch=armv7-a+fp --with-float=hard --with-mode=thumb --disable-werror --enable-checking=release --build=arm-linux-gnueabihf --host=arm-linux-gnueabihf --target=arm-linux-gnueabihf
Thread model: posix
Supported LTO compression algorithms: zlib zstd
gcc version 12.2.0 (Debian 12.2.0-14+deb12u1) 
configure:3750: $? = 0
configure:3739: g++ -V >&5
g++: error: unrecognized command-line option '-V'
g++: fatal error: no input files
compilation terminated.
configure:3750: $? = 1
configure:3739: g++ -qversion >&5
g++: error: unrecognized command-line option '-qversion'; did you mean '--version'?
g++: fatal error: no input files
compilation terminated.
configure:3750: $? = 1
configure:3770: checking whether the C++ compiler works
configure:3792: g++    conftest.cpp  >&5
configure:3796: $? = 0
configure:3846: result: yes
configure:3849: checking for C++ compiler default output file name
configure:3851: result: a.out
configure:3857: checking for suffix of executables
configure:3864: g++ -o conftest    conftest.cpp  >&5
configure:3868: $? = 0
configure:3891: result: 
configure:3913: checking whether we are cross compiling
configure:3921: g++ -o conftest    conftest.cpp  >&5
configure:3925: $? = 0
configure:3932: ./conftest
configure:3936: $? = 0
configure:3951: result: no
configure:3956: checking for suffix of object files
configure:3979: g++ -c   conftest.cpp >&5
configure:3983: $? = 0
configure:4005: result: o
configure:4009: checking whether the compiler supports GNU C++
configure:4029: g++ -c   conftest.cpp >&5
configure:4029: $? = 0
configure:4039: result: yes
configure:4050: checking whether g++ accepts -g
configure:4071: g++ -c -g  conftest.cpp >&5
configure:4071: $? = 0
configure:4115: result: yes
configure:4135: checking for g++ option to enable C++11 features
configure:4150: g++  -c -g -O2  conftest.cpp >&5
conftest.cpp: In function 'int main(int, char**)':
conftest.cpp:178:25: warning: empty parentheses were disambiguated as a function declaration [-Wvexing-parse]
  178 |   cxx11test::delegate d2();
      |                         ^~
conftest.cpp:178:25: note: remove parentheses to default-initialize a variable
  178 |   cxx11test::delegate d2();
      |                         ^~
      |                         --
conftest.cpp:178:25: note: or replace parentheses with braces to value-initialize a variable
configure:4150: $? = 0
configure:4168: result: none needed
configure:4235: checking whether make supports the include directive
configure:4250: make -f confmf.GNU && cat confinc.out
this is the am__doit target
configure:4253: $? = 0
configure:4272: result: yes (GNU style)
configure:4298: checking dependency style of g++
configure:4410: result: gcc3
configure:4487: checking for gcc
configure:4508: found /usr/bin/gcc
configure:4519: result: gcc
configure:4872: checking for C compiler version
configure:4881: gcc --version >&5
gcc (Debian 12.2.0-14+deb12u1) 12.2.0
Copyright (C) 2022 Free Software Foundation, Inc.
This is free software; see the source for copying conditions.  There is NO
warranty; not even for MERCHANTABILITY or FITNESS FOR A PARTICULAR PURPOSE.

configure:4892: $? = 0
configure:4881: gcc -v >&5
Using built-in specs.
COLLECT_GCC=gcc
COLLECT_LTO_WRAPPER=/usr/lib/gcc/arm-linux-gnueabihf/12/lto-wrapper
Target: arm-linux-gnueabihf
Configured with: ../src/configure -v --with-pkgversion='Debian 12.2.0-14+deb12u1' --with-bugurl=file:///usr/share/doc/gcc-12/README.Bugs --enable-languages=c,ada,c++,go,d,fortran,objc,obj-c++,m2 --prefix=/usr --with-gcc-major-version-only --program-suffix=-12 --program-prefix=arm-linux-gnueabihf- --enable-shared --enable-linker-build-id --libexecdir=/usr/lib --without-included-gettext --enable-threads=posix --libdir=/usr/lib --enable-nls --enable-clocale=gnu --enable-libstdcxx-debug --enable-libstdcxx-time=yes --with-default-libstdcxx-abi=new --enable-gnu-unique-object --disable-libitm --disable-libquadmath --disable-libquadmath-support --enable-plugin --enable-default-pie --with-system-zlib --enable-libphobos-checking=release --with-target-system-zlib=auto --enable-objc-gc=auto --enable-multiarch --disable-sjlj-exceptions --with-arch=armv7-a+fp --with-float=hard --with-mode=thumb --disable-werror --enable-checking=release --build=arm-linux-gnueabihf --host=arm-linux-gnueabihf --target=arm-linux-gnueabihf
Thread model: posix
Supported LTO compression algorithms: zlib zstd
gcc version 12.2.0 (Debian 12.2.0-14+deb12u1) 
configure:4892: $? = 0
configure:4881: gcc -V >&5
gcc: error: unrecognized command-line option '-V'
gcc: fatal error: no input files
compilation terminated.
configure:4892: $? = 1
configure:4881: gcc -qversion >&5
gcc: error: unrecognized command-line option '-qversion'; did you mean '--version'?
gcc: fatal error: no input files
compilation terminated.
configure:4892: $? = 1
configure:4881: gcc -version >&5
gcc: error: unrecognized command-line option '-version'
gcc: fatal error: no input files
compilation terminated.
configure:4892: $? = 1
configure:4896: checking whether the compiler supports GNU C
configure:4916: gcc -c   conftest.c >&5
configure:4916: $? = 0
configure:4926: result: yes
configure:4937: checking whether gcc accepts -g
configure:4958: gcc -c -g  conftest.c >&5
configure:4958: $? = 0
configure:5002: result: yes
configure:5022: checking for gcc option to enable C11 features
configure:5037: gcc  -c -g -O2  conftest.c >&5
configure:5037: $? = 0
configure:5055: result: none needed
configure:5171: checking whether gcc understands -c and -o together
configure:5194: gcc -c conftest.c -o conftest2.o
configure:5197: $? = 0
configure:5194: gcc -c conftest.c -o conftest2.o
configure:5197: $? = 0
configure:5209: result: yes
configure:5228: checking dependency style of gcc
configure:5340: result: gcc3
configure:5356: checking whether make sets $(MAKE)
configure:5379: result: yes
configure:5420: checking build system type
configure:5435: result: armv7l-unknown-linux-gnueabihf
configure:5455: checking host system type
configure:5469: result: armv7l-unknown-linux-gnueabihf
configure:5510: checking how to print strings
configure:5537: result: printf
configure:5558: checking for a sed that does not truncate output
configure:5628: result: /usr/bin/sed
configure:5646: checking for grep that handles long lines and -e
configure:5710: result: /usr/bin/grep
configure:5715: checking for egrep
configure:5783: result: /usr/bin/grep -E
configure:5788: checking for fgrep
configure:5856: result: /usr/bin/grep -F
configure:5892: checking for ld used by gcc
configure:5960: result: /usr/bin/ld
configure:5967: checking if the linker (/usr/bin/ld) is GNU ld
configure:5983: result: yes
configure:5995: checking for BSD- or MS-compatible name lister (nm)
configure:6050: result: /usr/bin/nm -B
configure:6190: checking the name lister (/usr/bin/nm -B) interface
configure:6198: gcc -c -g -O2  conftest.c >&5
configure:6201: /usr/bin/nm -B "conftest.o"
configure:6204: output
00000000 B some_variable
configure:6211: result: BSD nm
configure:6214: checking whether ln -s works
configure:6218: result: yes
configure:6226: checking the maximum length of command line arguments
configure:6358: result: 1572864
configure:6406: checking how to convert armv7l-unknown-linux-gnueabihf file names to armv7l-unknown-linux-gnueabihf format
configure:6447: result: func_convert_file_noop
configure:6454: checking how to convert armv7l-unknown-linux-gnueabihf file names to toolchain format
configure:6475: result: func_convert_file_noop
configure:6482: checking for /usr/bin/ld option to reload object files
configure:6490: result: -r
configure:6569: checking for file
configure:6590: found /usr/bin/file
configure:6601: result: file
configure:6677: checking for objdump
configure:6698: found /usr/bin/objdump
configure:6709: result: objdump
configure:6741: checking how to recognize dependent libraries
configure:6942: result: pass_all
configure:7032: checking for dlltool
configure:7067: result: no
configure:7097: checking how to associate runtime and link libraries
configure:7125: result: printf %s\n
configure:7191: checking for ar
configure:7212: found /usr/bin/ar
configure:7223: result: ar
configure:7276: checking for archiver @FILE support
configure:7294: gcc -c -g -O2  conftest.c >&5
configure:7294: $? = 0
configure:7298: ar cr libconftest.a @conftest.lst >&5
configure:7301: $? = 0
configure:7306: ar cr libconftest.a @conftest.lst >&5
ar: conftest.o: No such file or directory
configure:7309: $? = 1
configure:7321: result: @
configure:7384: checking for strip
configure:7405: found /usr/bin/strip
configure:7416: result: strip
configure:7493: checking for ranlib
configure:7514: found /usr/bin/ranlib
configure:7525: result: ranlib
configure:7627: checking command to parse /usr/bin/nm -B output from gcc object
configure:7781: gcc -c -g -O2  conftest.c >&5
configure:7784: $? = 0
configure:7788: /usr/bin/nm -B conftest.o | /usr/bin/sed -n -e 's/^.*[	 ]\([ABCDGIRSTW][ABCDGIRSTW]*\)[	 ][	 ]*\([_A-Za-z][_A-Za-z0-9]*\)$/\1 \2 \2/p' | /usr/bin/sed '/ __gnu_lto/d' > conftest.nm
configure:7854: gcc -o conftest -g -O2   conftest.c conftstm.o >&5
configure:7857: $? = 0
configure:7895: result: ok
configure:7942: checking for sysroot
configure:7973: result: no
configure:7980: checking for a working dd
configure:8024: result: /usr/bin/dd
configure:8028: checking how to truncate binary pipes
configure:8044: result: /usr/bin/dd bs=4096 count=1
configure:8381: checking for mt
configure:8402: found /usr/bin/mt
configure:8413: result: mt
configure:8436: checking if mt is a manifest tool
configure:8443: mt '-?'
configure:8451: result: no
configure:9176: checking for stdio.h
configure:9176: gcc -c -g -O2  conftest.c >&5
configure:9176: $? = 0
configure:9176: result: yes
configure:9176: checking for stdlib.h
configure:9176: gcc -c -g -O2  conftest.c >&5
configure:9176: $? = 0
configure:9176: result: yes
configure:9176: checking for string.h
configure:9176: gcc -c -g -O2  conftest.c >&5
configure:9176: $? = 0
configure:9176: result: yes
configure:9176: checking for inttypes.h
configure:9176: gcc -c -g -O2  conftest.c >&5
configure:9176: $? = 0
configure:9176: result: yes
configure:9176: checking for stdint.h
configure:9176: gcc -c -g -O2  conftest.c >&5
configure:9176: $? = 0
configure:9176: result: yes
configure:9176: checking for strings.h
configure:9176: gcc -c -g -O2  conftest.c >&5
configure:9176: $? = 0
configure:9176: result: yes
configure:9176: checking for sys/stat.h
configure:9176: gcc -c -g -O2  conftest.c >&5
configure:9176: $? = 0
configure:9176: result: yes
configure:9176: checking for sys/types.h
configure:9176: gcc -c -g -O2  conftest.c >&5
configure:9176: $? = 0
configure:9176: result: yes
configure:9176: checking for unistd.h
configure:9176: gcc -c -g -O2  conftest.c >&5
configure:9176: $? = 0
configure:9176: result: yes
configure:9176: checking for vfork.h
configure:9176: gcc -c -g -O2  conftest.c >&5
conftest.c:49:10: fatal error: vfork.h: No such file or directory
   49 | #include <vfork.h>
      |          ^~~~~~~~~
compilation terminated.
configure:9176: $? = 1
configure: failed program was:
| /* confdefs.h */
| #define PACKAGE_NAME ""
| #define PACKAGE_TARNAME ""
| #define PACKAGE_VERSION ""
| #define PACKAGE_STRING ""
| #define PACKAGE_BUGREPORT ""
| #define PACKAGE_URL ""
| #define PACKAGE "cngpij"
| #define VERSION "3.70-1"
| #define PROG_PATH "/usr/local/bin"
| #define HAVE_STDIO_H 1
| #define HAVE_STDLIB_H 1
| #define HAVE_STRING_H 1
| #define HAVE_INTTYPES_H 1
| #define HAVE_STDINT_H 1
| #define HAVE_STRINGS_H 1
| #define HAVE_SYS_STAT_H 1
| #define HAVE_SYS_TYPES_H 1
| #define HAVE_UNISTD_H 1
| /* end confdefs.h.  */
| #include <stddef.h>
| #ifdef HAVE_STDIO_H
| # include <stdio.h>
| #endif
| #ifdef HAVE_STDLIB_H
| # include <stdlib.h>
| #endif
| #ifdef HAVE_STRING_H
| # include <string.h>
| #endif
| #ifdef HAVE_INTTYPES_H
| # include <inttypes.h>
| #endif
| #ifdef HAVE_STDINT_H
| # include <stdint.h>
| #endif
| #ifdef HAVE_STRINGS_H
| # include <strings.h>
| #endif
| #ifdef HAVE_SYS_TYPES_H
| # include <sys/types.h>
| #endif
| #ifdef HAVE_SYS_STAT_H
| # include <sys/stat.h>
| #endif
| #ifdef HAVE_UNISTD_H
| # include <unistd.h>
| #endif
| #include <vfork.h>
configure:9176: result: no
configure:9201: checking for dlfcn.h
configure:9201: gcc -c -g -O2  conftest.c >&5
configure:9201: $? = 0
configure:9201: result: yes
configure:9471: checking for objdir
configure:9487: result: .libs
configure:9747: checking if gcc supports -fno-rtti -fno-exceptions
configure:9766: gcc -c -g -O2  -fno-rtti -fno-exceptions conftest.c >&5
cc1: warning: command-line option '-fno-rtti' is valid for C++/D/ObjC++ but not for C
configure:9770: $? = 0
configure:9783: result: no
configure:10147: checking for gcc option to produce PIC
configure:10155: result: -fPIC -DPIC
configure:10163: checking if gcc PIC flag -fPIC -DPIC works
configure:10182: gcc -c -g -O2  -fPIC -DPIC -DPIC conftest.c >&5
configure:10186: $? = 0
configure:10199: result: yes
configure:10228: checking if gcc static flag -static works
configure:10257: result: yes
configure:10272: checking if gcc supports -c -o file.o
configure:10294: gcc -c -g -O2  -o out/conftest2.o conftest.c >&5
configure:10298: $? = 0
configure:10320: result: yes
configure:10328: checking if gcc supports -c -o file.o
configure:10376: result: yes
configure:10409: checking whether the gcc linker (/usr/bin/ld) supports shared libraries
configure:11683: result: yes
configure:11720: checking whether -lc should be explicitly linked in
configure:11729: gcc -c -g -O2  conftest.c >&5
configure:11732: $? = 0
configure:11747: gcc -shared  -fPIC -DPIC conftest.o  -v -Wl,-soname -Wl,conftest -o conftest 2\>\&1 \| /usr/bin/grep  -lc  \>/dev/null 2\>\&1
configure:11750: $? = 0
configure:11764: result: no
configure:11924: checking dynamic linker characteristics
configure:12506: gcc -o conftest -g -O2   -Wl,-rpath -Wl,/foo conftest.c  >&5
configure:12506: $? = 0
configure:12757: result: GNU/Linux ld.so
configure:12879: checking how to hardcode library paths into programs
configure:12904: result: immediate
configure:13456: checking whether stripping libraries is possible
configure:13465: result: yes
configure:13507: checking if libtool supports shared libraries
configure:13509: result: yes
configure:13512: checking whether to build shared libraries
configure:13537: result: yes
configure:13540: checking whether to build static libraries
configure:13544: result: yes
configure:13567: checking how to run the C++ preprocessor
configure:13589: g++ -E  conftest.cpp
configure:13589: $? = 0
configure:13604: g++ -E  conftest.cpp
conftest.cpp:24:10: fatal error: ac_nonexistent.h: No such file or directory
   24 | #include <ac_nonexistent.h>
      |          ^~~~~~~~~~~~~~~~~~
compilation terminated.
configure:13604: $? = 1
configure: failed program was:
| /* confdefs.h */
| #define PACKAGE_NAME ""
| #define PACKAGE_TARNAME ""
| #define PACKAGE_VERSION ""
| #define PACKAGE_STRING ""
| #define PACKAGE_BUGREPORT ""
| #define PACKAGE_URL ""
| #define PACKAGE "cngpij"
| #define VERSION "3.70-1"
| #define PROG_PATH "/usr/local/bin"
| #define HAVE_STDIO_H 1
| #define HAVE_STDLIB_H 1
| #define HAVE_STRING_H 1
| #define HAVE_INTTYPES_H 1
| #define HAVE_STDINT_H 1
| #define HAVE_STRINGS_H 1
| #define HAVE_SYS_STAT_H 1
| #define HAVE_SYS_TYPES_H 1
| #define HAVE_UNISTD_H 1
| #define STDC_HEADERS 1
| #define HAVE_DLFCN_H 1
| #define LT_OBJDIR ".libs/"
| /* end confdefs.h.  */
| #include <ac_nonexistent.h>
configure:13631: result: g++ -E
configure:13645: g++ -E  conftest.cpp
configure:13645: $? = 0
configure:13660: g++ -E  conftest.cpp
conftest.cpp:24:10: fatal error: ac_nonexistent.h: No such file or directory
   24 | #include <ac_nonexistent.h>
      |          ^~~~~~~~~~~~~~~~~~
compilation terminated.
configure:13660: $? = 1
configure: failed program was:
| /* confdefs.h */
| #define PACKAGE_NAME ""
| #define PACKAGE_TARNAME ""
| #define PACKAGE_VERSION ""
| #define PACKAGE_STRING ""
| #define PACKAGE_BUGREPORT ""
| #define PACKAGE_URL ""
| #define PACKAGE "cngpij"
| #define VERSION "3.70-1"
| #define PROG_PATH "/usr/local/bin"
| #define HAVE_STDIO_H 1
| #define HAVE_STDLIB_H 1
| #define HAVE_STRING_H 1
| #define HAVE_INTTYPES_H 1
| #define HAVE_STDINT_H 1
| #define HAVE_STRINGS_H 1
| #define HAVE_SYS_STAT_H 1
| #define HAVE_SYS_TYPES_H 1
| #define HAVE_UNISTD_H 1
| #define STDC_HEADERS 1
| #define HAVE_DLFCN_H 1
| #define LT_OBJDIR ".libs/"
| /* end confdefs.h.  */
| #include <ac_nonexistent.h>
configure:13825: checking for ld used by g++
configure:13893: result: /usr/bin/ld
configure:13900: checking if the linker (/usr/bin/ld) is GNU ld
configure:13916: result: yes
configure:13971: checking whether the g++ linker (/usr/bin/ld) supports shared libraries
configure:15049: result: yes
configure:15085: g++ -c -g -O2  conftest.cpp >&5
configure:15088: $? = 0
configure:15569: checking for g++ option to produce PIC
configure:15577: result: -fPIC -DPIC
configure:15585: checking if g++ PIC flag -fPIC -DPIC works
configure:15604: g++ -c -g -O2  -fPIC -DPIC -DPIC conftest.cpp >&5
configure:15608: $? = 0
configure:15621: result: yes
configure:15644: checking if g++ static flag -static works
configure:15673: result: yes
configure:15685: checking if g++ supports -c -o file.o
configure:15707: g++ -c -g -O2  -o out/conftest2.o conftest.cpp >&5
configure:15711: $? = 0
configure:15733: result: yes
configure:15738: checking if g++ supports -c -o file.o
configure:15786: result: yes
configure:15816: checking whether the g++ linker (/usr/bin/ld) supports shared libraries
configure:15859: result: yes
configure:16001: checking dynamic linker characteristics
configure:16761: result: GNU/Linux ld.so
configure:16826: checking how to hardcode library paths into programs
configure:16851: result: immediate
configure:16915: checking for main in -lcups
configure:16935: gcc -o conftest -g -O2   conftest.c -lcups   >&5
configure:16935: $? = 0
configure:16945: result: yes
configure:16956: checking for main in -lparamlist
configure:16976: gcc -o conftest -g -O2   conftest.c -lparamlist  -lcups  >&5
/usr/bin/ld: cannot find -lparamlist: No such file or directory
collect2: error: ld returned 1 exit status
configure:16976: $? = 1
configure: failed program was:
| /* confdefs.h */
| #define PACKAGE_NAME ""
| #define PACKAGE_TARNAME ""
| #define PACKAGE_VERSION ""
| #define PACKAGE_STRING ""
| #define PACKAGE_BUGREPORT ""
| #define PACKAGE_URL ""
| #define PACKAGE "cngpij"
| #define VERSION "3.70-1"
| #define PROG_PATH "/usr/local/bin"
| #define HAVE_STDIO_H 1
| #define HAVE_STDLIB_H 1
| #define HAVE_STRING_H 1
| #define HAVE_INTTYPES_H 1
| #define HAVE_STDINT_H 1
| #define HAVE_STRINGS_H 1
| #define HAVE_SYS_STAT_H 1
| #define HAVE_SYS_TYPES_H 1
| #define HAVE_UNISTD_H 1
| #define STDC_HEADERS 1
| #define HAVE_DLFCN_H 1
| #define LT_OBJDIR ".libs/"
| #define HAVE_LIBCUPS 1
| /* end confdefs.h.  */
| 
| 
| int
| main (void)
| {
| return main ();
|   ;
|   return 0;
| }
configure:16986: result: no
configure:16997: checking for main in -lpopt
configure:17017: gcc -o conftest -g -O2   conftest.c -lpopt  -lcups  >&5
configure:17017: $? = 0
configure:17027: result: yes
configure:17042: checking for egrep
configure:17110: result: /usr/bin/grep -E
configure:17116: checking for sys/wait.h that is POSIX.1 compatible
configure:17143: gcc -c -g -O2  conftest.c >&5
configure:17143: $? = 0
configure:17151: result: yes
configure:17159: checking for arpa/inet.h
configure:17159: gcc -c -g -O2  conftest.c >&5
configure:17159: $? = 0
configure:17159: result: yes
configure:17165: checking for fcntl.h
configure:17165: gcc -c -g -O2  conftest.c >&5
configure:17165: $? = 0
configure:17165: result: yes
configure:17171: checking for netdb.h
configure:17171: gcc -c -g -O2  conftest.c >&5
configure:17171: $? = 0
configure:17171: result: yes
configure:17177: checking for netinet/in.h
configure:17177: gcc -c -g -O2  conftest.c >&5
configure:17177: $? = 0
configure:17177: result: yes
configure:17183: checking for stdlib.h
configure:17183: result: yes
configure:17189: checking for string.h
configure:17189: result: yes
configure:17195: checking for sys/socket.h
configure:17195: gcc -c -g -O2  conftest.c >&5
configure:17195: $? = 0
configure:17195: result: yes
configure:17201: checking for unistd.h
configure:17201: result: yes
configure:17210: checking for an ANSI C-conforming const
configure:17277: gcc -c -g -O2  conftest.c >&5
configure:17277: $? = 0
configure:17285: result: yes
configure:17293: checking for size_t
configure:17293: gcc -c -g -O2  conftest.c >&5
configure:17293: $? = 0
configure:17293: gcc -c -g -O2  conftest.c >&5
conftest.c: In function 'main':
conftest.c:66:21: error: expected expression before ')' token
   66 | if (sizeof ((size_t)))
      |                     ^
configure:17293: $? = 1
configure: failed program was:
| /* confdefs.h */
| #define PACKAGE_NAME ""
| #define PACKAGE_TARNAME ""
| #define PACKAGE_VERSION ""
| #define PACKAGE_STRING ""
| #define PACKAGE_BUGREPORT ""
| #define PACKAGE_URL ""
| #define PACKAGE "cngpij"
| #define VERSION "3.70-1"
| #define PROG_PATH "/usr/local/bin"
| #define HAVE_STDIO_H 1
| #define HAVE_STDLIB_H 1
| #define HAVE_STRING_H 1
| #define HAVE_INTTYPES_H 1
| #define HAVE_STDINT_H 1
| #define HAVE_STRINGS_H 1
| #define HAVE_SYS_STAT_H 1
| #define HAVE_SYS_TYPES_H 1
| #define HAVE_UNISTD_H 1
| #define STDC_HEADERS 1
| #define HAVE_DLFCN_H 1
| #define LT_OBJDIR ".libs/"
| #define HAVE_LIBCUPS 1
| #define HAVE_LIBPOPT 1
| #define HAVE_SYS_WAIT_H 1
| #define HAVE_ARPA_INET_H 1
| #define HAVE_FCNTL_H 1
| #define HAVE_NETDB_H 1
| #define HAVE_NETINET_IN_H 1
| #define HAVE_STDLIB_H 1
| #define HAVE_STRING_H 1
| #define HAVE_SYS_SOCKET_H 1
| #define HAVE_UNISTD_H 1
| /* end confdefs.h.  */
| #include <stddef.h>
| #ifdef HAVE_STDIO_H
| # include <stdio.h>
| #endif
| #ifdef HAVE_STDLIB_H
| # include <stdlib.h>
| #endif
| #ifdef HAVE_STRING_H
| # include <string.h>
| #endif
| #ifdef HAVE_INTTYPES_H
| # include <inttypes.h>
| #endif
| #ifdef HAVE_STDINT_H
| # include <stdint.h>
| #endif
| #ifdef HAVE_STRINGS_H
| # include <strings.h>
| #endif
| #ifdef HAVE_SYS_TYPES_H
| # include <sys/types.h>
| #endif
| #ifdef HAVE_SYS_STAT_H
| # include <sys/stat.h>
| #endif
| #ifdef HAVE_UNISTD_H
| # include <unistd.h>
| #endif
| int
| main (void)
| {
| if (sizeof ((size_t)))
| 	    return 0;
|   ;
|   return 0;
| }
configure:17293: result: yes
configure:17306: checking for pid_t
configure:17306: gcc -c -g -O2  conftest.c >&5
configure:17306: $? = 0
configure:17306: gcc -c -g -O2  conftest.c >&5
conftest.c: In function 'main':
conftest.c:67:20: error: expected expression before ')' token
   67 | if (sizeof ((pid_t)))
      |                    ^
configure:17306: $? = 1
configure: failed program was:
| /* confdefs.h */
| #define PACKAGE_NAME ""
| #define PACKAGE_TARNAME ""
| #define PACKAGE_VERSION ""
| #define PACKAGE_STRING ""
| #define PACKAGE_BUGREPORT ""
| #define PACKAGE_URL ""
| #define PACKAGE "cngpij"
| #define VERSION "3.70-1"
| #define PROG_PATH "/usr/local/bin"
| #define HAVE_STDIO_H 1
| #define HAVE_STDLIB_H 1
| #define HAVE_STRING_H 1
| #define HAVE_INTTYPES_H 1
| #define HAVE_STDINT_H 1
| #define HAVE_STRINGS_H 1
| #define HAVE_SYS_STAT_H 1
| #define HAVE_SYS_TYPES_H 1
| #define HAVE_UNISTD_H 1
| #define STDC_HEADERS 1
| #define HAVE_DLFCN_H 1
| #define LT_OBJDIR ".libs/"
| #define HAVE_LIBCUPS 1
| #define HAVE_LIBPOPT 1
| #define HAVE_SYS_WAIT_H 1
| #define HAVE_ARPA_INET_H 1
| #define HAVE_FCNTL_H 1
| #define HAVE_NETDB_H 1
| #define HAVE_NETINET_IN_H 1
| #define HAVE_STDLIB_H 1
| #define HAVE_STRING_H 1
| #define HAVE_SYS_SOCKET_H 1
| #define HAVE_UNISTD_H 1
| /* end confdefs.h.  */
| #include <stddef.h>
| #ifdef HAVE_STDIO_H
| # include <stdio.h>
| #endif
| #ifdef HAVE_STDLIB_H
| # include <stdlib.h>
| #endif
| #ifdef HAVE_STRING_H
| # include <string.h>
| #endif
| #ifdef HAVE_INTTYPES_H
| # include <inttypes.h>
| #endif
| #ifdef HAVE_STDINT_H
| # include <stdint.h>
| #endif
| #ifdef HAVE_STRINGS_H
| # include <strings.h>
| #endif
| #ifdef HAVE_SYS_TYPES_H
| # include <sys/types.h>
| #endif
| #ifdef HAVE_SYS_STAT_H
| # include <sys/stat.h>
| #endif
| #ifdef HAVE_UNISTD_H
| # include <unistd.h>
| #endif
| 
| int
| main (void)
| {
| if (sizeof ((pid_t)))
| 	    return 0;
|   ;
|   return 0;
| }
configure:17306: result: yes
configure:17347: checking for fork
configure:17347: gcc -o conftest -g -O2   conftest.c -lpopt -lcups  >&5
conftest.c:51:6: warning: conflicting types for built-in function 'fork'; expected 'int(void)' [-Wbuiltin-declaration-mismatch]
   51 | char fork ();
      |      ^~~~
configure:17347: $? = 0
configure:17347: result: yes
configure:17347: checking for vfork
configure:17347: gcc -o conftest -g -O2   conftest.c -lpopt -lcups  >&5
configure:17347: $? = 0
configure:17347: result: yes
configure:17360: checking for working fork
configure:17384: gcc -o conftest -g -O2   conftest.c -lpopt -lcups  >&5
configure:17384: $? = 0
configure:17384: ./conftest
configure:17384: $? = 0
configure:17395: result: yes
configure:17416: checking for working vfork
configure:17545: result: yes
configure:17570: checking for GNU libc compatible malloc
configure:17602: gcc -o conftest -g -O2   conftest.c -lpopt -lcups  >&5
configure:17602: $? = 0
configure:17602: ./conftest
configure:17602: $? = 0
configure:17613: result: yes
configure:17635: checking for memset
configure:17635: gcc -o conftest -g -O2   conftest.c -lpopt -lcups  >&5
conftest.c:56:6: warning: conflicting types for built-in function 'memset'; expected 'void *(void *, int,  unsigned int)' [-Wbuiltin-declaration-mismatch]
   56 | char memset ();
      |      ^~~~~~
conftest.c:48:1: note: 'memset' is declared in header '<string.h>'
   47 | #include <limits.h>
   48 | #undef memset
configure:17635: $? = 0
configure:17635: result: yes
configure:17641: checking for socket
configure:17641: gcc -o conftest -g -O2   conftest.c -lpopt -lcups  >&5
configure:17641: $? = 0
configure:17641: result: yes
configure:17647: checking for strdup
configure:17647: gcc -o conftest -g -O2   conftest.c -lpopt -lcups  >&5
conftest.c:58:6: warning: conflicting types for built-in function 'strdup'; expected 'char *(const char *)' [-Wbuiltin-declaration-mismatch]
   58 | char strdup ();
      |      ^~~~~~
configure:17647: $? = 0
configure:17647: result: yes
configure:17653: checking for strrchr
configure:17653: gcc -o conftest -g -O2   conftest.c -lpopt -lcups  >&5
conftest.c:59:6: warning: conflicting types for built-in function 'strrchr'; expected 'char *(const char *, int)' [-Wbuiltin-declaration-mismatch]
   59 | char strrchr ();
      |      ^~~~~~~
conftest.c:51:1: note: 'strrchr' is declared in header '<string.h>'
   50 | #include <limits.h>
   51 | #undef strrchr
configure:17653: $? = 0
configure:17653: result: yes
configure:17765: checking that generated files are newer than configure
configure:17771: result: done
configure:17798: creating ./config.status

## ---------------------- ##
## Running config.status. ##
## ---------------------- ##

This file was extended by config.status, which was
generated by GNU Autoconf 2.71.  Invocation command line was

  CONFIG_FILES    = 
  CONFIG_HEADERS  = 
  CONFIG_LINKS    = 
  CONFIG_COMMANDS = 
  $ ./config.status 

on onecloud

config.status:1168: creating Makefile
config.status:1168: creating cngpij/Makefile
config.status:1168: creating config.h
config.status:1397: executing depfiles commands
config.status:1474: cd cngpij       && sed -e '/# am--include-marker/d' Makefile         | make -f - am--depfiles
make: Nothing to be done for 'am--depfiles'.
config.status:1479: $? = 0
config.status:1397: executing libtool commands

## ---------------- ##
## Cache variables. ##
## ---------------- ##

ac_cv_build=armv7l-unknown-linux-gnueabihf
ac_cv_c_compiler_gnu=yes
ac_cv_c_const=yes
ac_cv_cxx_compiler_gnu=yes
ac_cv_env_CCC_set=
ac_cv_env_CCC_value=
ac_cv_env_CC_set=
ac_cv_env_CC_value=
ac_cv_env_CFLAGS_set=
ac_cv_env_CFLAGS_value=
ac_cv_env_CPPFLAGS_set=
ac_cv_env_CPPFLAGS_value=
ac_cv_env_CXXCPP_set=
ac_cv_env_CXXCPP_value=
ac_cv_env_CXXFLAGS_set=
ac_cv_env_CXXFLAGS_value=
ac_cv_env_CXX_set=
ac_cv_env_CXX_value=
ac_cv_env_LDFLAGS_set=
ac_cv_env_LDFLAGS_value=
ac_cv_env_LIBS_set=
ac_cv_env_LIBS_value=
ac_cv_env_LT_SYS_LIBRARY_PATH_set=
ac_cv_env_LT_SYS_LIBRARY_PATH_value=
ac_cv_env_build_alias_set=
ac_cv_env_build_alias_value=
ac_cv_env_host_alias_set=
ac_cv_env_host_alias_value=
ac_cv_env_target_alias_set=
ac_cv_env_target_alias_value=
ac_cv_func_fork=yes
ac_cv_func_fork_works=yes
ac_cv_func_malloc_0_nonnull=yes
ac_cv_func_memset=yes
ac_cv_func_socket=yes
ac_cv_func_strdup=yes
ac_cv_func_strrchr=yes
ac_cv_func_vfork=yes
ac_cv_func_vfork_works=yes
ac_cv_header_arpa_inet_h=yes
ac_cv_header_dlfcn_h=yes
ac_cv_header_fcntl_h=yes
ac_cv_header_inttypes_h=yes
ac_cv_header_netdb_h=yes
ac_cv_header_netinet_in_h=yes
ac_cv_header_stdint_h=yes
ac_cv_header_stdio_h=yes
ac_cv_header_stdlib_h=yes
ac_cv_header_string_h=yes
ac_cv_header_strings_h=yes
ac_cv_header_sys_socket_h=yes
ac_cv_header_sys_stat_h=yes
ac_cv_header_sys_types_h=yes
ac_cv_header_sys_wait_h=yes
ac_cv_header_unistd_h=yes
ac_cv_header_vfork_h=no
ac_cv_host=armv7l-unknown-linux-gnueabihf
ac_cv_lib_cups_main=yes
ac_cv_lib_paramlist_main=no
ac_cv_lib_popt_main=yes
ac_cv_objext=o
ac_cv_path_EGREP='/usr/bin/grep -E'
ac_cv_path_FGREP='/usr/bin/grep -F'
ac_cv_path_GREP=/usr/bin/grep
ac_cv_path_SED=/usr/bin/sed
ac_cv_path_install='/usr/bin/install -c'
ac_cv_path_lt_DD=/usr/bin/dd
ac_cv_path_mkdir=/usr/bin/mkdir
ac_cv_prog_AWK=mawk
ac_cv_prog_CXXCPP='g++ -E'
ac_cv_prog_ac_ct_AR=ar
ac_cv_prog_ac_ct_CC=gcc
ac_cv_prog_ac_ct_CXX=g++
ac_cv_prog_ac_ct_FILECMD=file
ac_cv_prog_ac_ct_MANIFEST_TOOL=mt
ac_cv_prog_ac_ct_OBJDUMP=objdump
ac_cv_prog_ac_ct_RANLIB=ranlib
ac_cv_prog_ac_ct_STRIP=strip
ac_cv_prog_cc_c11=
ac_cv_prog_cc_g=yes
ac_cv_prog_cc_stdc=
ac_cv_prog_cxx_cxx11=
ac_cv_prog_cxx_g=yes
ac_cv_prog_cxx_stdcxx=
ac_cv_prog_make_make_set=yes
ac_cv_type_pid_t=yes
ac_cv_type_size_t=yes
am_cv_CC_dependencies_compiler_type=gcc3
am_cv_CXX_dependencies_compiler_type=gcc3
am_cv_make_support_nested_variables=yes
am_cv_prog_cc_c_o=yes
lt_cv_ar_at_file=@
lt_cv_archive_cmds_need_lc=no
lt_cv_deplibs_check_method=pass_all
lt_cv_file_magic_cmd='$MAGIC_CMD'
lt_cv_file_magic_test_file=
lt_cv_ld_reload_flag=-r
lt_cv_nm_interface='BSD nm'
lt_cv_objdir=.libs
lt_cv_path_LD=/usr/bin/ld
lt_cv_path_LDCXX=/usr/bin/ld
lt_cv_path_NM='/usr/bin/nm -B'
lt_cv_path_mainfest_tool=no
lt_cv_prog_compiler_c_o=yes
lt_cv_prog_compiler_c_o_CXX=yes
lt_cv_prog_compiler_pic='-fPIC -DPIC'
lt_cv_prog_compiler_pic_CXX='-fPIC -DPIC'
lt_cv_prog_compiler_pic_works=yes
lt_cv_prog_compiler_pic_works_CXX=yes
lt_cv_prog_compiler_rtti_exceptions=no
lt_cv_prog_compiler_static_works=yes
lt_cv_prog_compiler_static_works_CXX=yes
lt_cv_prog_gnu_ld=yes
lt_cv_prog_gnu_ldcxx=yes
lt_cv_sharedlib_from_linklib_cmd='printf %s\n'
lt_cv_shlibpath_overrides_runpath=yes
lt_cv_sys_global_symbol_pipe='/usr/bin/sed -n -e '\''s/^.*[	 ]\([ABCDGIRSTW][ABCDGIRSTW]*\)[	 ][	 ]*\([_A-Za-z][_A-Za-z0-9]*\)$/\1 \2 \2/p'\'' | /usr/bin/sed '\''/ __gnu_lto/d'\'''
lt_cv_sys_global_symbol_to_c_name_address='/usr/bin/sed -n -e '\''s/^: \(.*\) .*$/  {"\1", (void *) 0},/p'\'' -e '\''s/^[ABCDGIRSTW][ABCDGIRSTW]* .* \(.*\)$/  {"\1", (void *) \&\1},/p'\'''
lt_cv_sys_global_symbol_to_c_name_address_lib_prefix='/usr/bin/sed -n -e '\''s/^: \(.*\) .*$/  {"\1", (void *) 0},/p'\'' -e '\''s/^[ABCDGIRSTW][ABCDGIRSTW]* .* \(lib.*\)$/  {"\1", (void *) \&\1},/p'\'' -e '\''s/^[ABCDGIRSTW][ABCDGIRSTW]* .* \(.*\)$/  {"lib\1", (void *) \&\1},/p'\'''
lt_cv_sys_global_symbol_to_cdecl='/usr/bin/sed -n -e '\''s/^T .* \(.*\)$/extern int \1();/p'\'' -e '\''s/^[ABCDGIRSTW][ABCDGIRSTW]* .* \(.*\)$/extern char \1;/p'\'''
lt_cv_sys_global_symbol_to_import=
lt_cv_sys_max_cmd_len=1572864
lt_cv_to_host_file_cmd=func_convert_file_noop
lt_cv_to_tool_file_cmd=func_convert_file_noop
lt_cv_truncate_bin='/usr/bin/dd bs=4096 count=1'

## ----------------- ##
## Output variables. ##
## ----------------- ##

ACLOCAL='${SHELL} '\''/home/cnijfilter-source-3.70-1/cngpij/missing'\'' aclocal-1.16'
AMDEPBACKSLASH='\'
AMDEP_FALSE='#'
AMDEP_TRUE=''
AMTAR='$${TAR-tar}'
AM_BACKSLASH='\'
AM_DEFAULT_V='$(AM_DEFAULT_VERBOSITY)'
AM_DEFAULT_VERBOSITY='1'
AM_V='$(V)'
AR='ar'
AUTOCONF='${SHELL} '\''/home/cnijfilter-source-3.70-1/cngpij/missing'\'' autoconf'
AUTOHEADER='${SHELL} '\''/home/cnijfilter-source-3.70-1/cngpij/missing'\'' autoheader'
AUTOMAKE='${SHELL} '\''/home/cnijfilter-source-3.70-1/cngpij/missing'\'' automake-1.16'
AWK='mawk'
CC='gcc'
CCDEPMODE='depmode=gcc3'
CFLAGS='-O2'
CPPFLAGS=''
CSCOPE='cscope'
CTAGS='ctags'
CXX='g++'
CXXCPP='g++ -E'
CXXDEPMODE='depmode=gcc3'
CXXFLAGS='-g -O2'
CYGPATH_W='echo'
DEFS='-DHAVE_CONFIG_H'
DEPDIR='.deps'
DLLTOOL='false'
DSYMUTIL=''
DUMPBIN=''
ECHO_C=''
ECHO_N='-n'
ECHO_T=''
EGREP='/usr/bin/grep -E'
ETAGS='etags'
EXEEXT=''
FGREP='/usr/bin/grep -F'
FILECMD='file'
GREP='/usr/bin/grep'
INSTALL_DATA='${INSTALL} -m 644'
INSTALL_PROGRAM='${INSTALL}'
INSTALL_SCRIPT='${INSTALL}'
INSTALL_STRIP_PROGRAM='$(install_sh) -c -s'
LD='/usr/bin/ld'
LDFLAGS=''
LIBOBJS=''
LIBS='-lpopt -lcups '
LIBTOOL='$(SHELL) $(top_builddir)/libtool'
LIPO=''
LN_S='ln -s'
LTLIBOBJS=''
LT_SYS_LIBRARY_PATH=''
MAKEINFO='${SHELL} '\''/home/cnijfilter-source-3.70-1/cngpij/missing'\'' makeinfo'
MANIFEST_TOOL=':'
MKDIR_P='/usr/bin/mkdir -p'
NM='/usr/bin/nm -B'
NMEDIT=''
OBJDUMP='objdump'
OBJEXT='o'
OTOOL64=''
OTOOL=''
PACKAGE='cngpij'
PACKAGE_BUGREPORT=''
PACKAGE_NAME=''
PACKAGE_STRING=''
PACKAGE_TARNAME=''
PACKAGE_URL=''
PACKAGE_VERSION=''
PATH_SEPARATOR=':'
PROG_PATH=''
RANLIB='ranlib'
SED='/usr/bin/sed'
SET_MAKE=''
SHELL='/bin/bash'
STRIP='strip'
VERSION='3.70-1'
ac_ct_AR='ar'
ac_ct_CC='gcc'
ac_ct_CXX='g++'
ac_ct_DUMPBIN=''
am__EXEEXT_FALSE=''
am__EXEEXT_TRUE='#'
am__fastdepCC_FALSE='#'
am__fastdepCC_TRUE=''
am__fastdepCXX_FALSE='#'
am__fastdepCXX_TRUE=''
am__include='include'
am__isrc=''
am__leading_dot='.'
am__nodep='_no'
am__quote=''
am__tar='$${TAR-tar} chof - "$$tardir"'
am__untar='$${TAR-tar} xf -'
bindir='${exec_prefix}/bin'
build='armv7l-unknown-linux-gnueabihf'
build_alias=''
build_cpu='armv7l'
build_os='linux-gnueabihf'
build_vendor='unknown'
datadir='${datarootdir}'
datarootdir='${prefix}/share'
docdir='${datarootdir}/doc/${PACKAGE}'
dvidir='${docdir}'
exec_prefix='${prefix}'
host='armv7l-unknown-linux-gnueabihf'
host_alias=''
host_cpu='armv7l'
host_os='linux-gnueabihf'
host_vendor='unknown'
htmldir='${docdir}'
includedir='${prefix}/include'
infodir='${datarootdir}/info'
install_sh='${SHELL} /home/cnijfilter-source-3.70-1/cngpij/install-sh'
libdir='${exec_prefix}/lib'
libexecdir='${exec_prefix}/libexec'
localedir='${datarootdir}/locale'
localstatedir='${prefix}/var'
mandir='${datarootdir}/man'
mkdir_p='$(MKDIR_P)'
oldincludedir='/usr/include'
pdfdir='${docdir}'
prefix='/usr/local'
program_transform_name='s,x,x,'
psdir='${docdir}'
runstatedir='${localstatedir}/run'
sbindir='${exec_prefix}/sbin'
sharedstatedir='${prefix}/com'
sysconfdir='${prefix}/etc'
target_alias=''

## ----------- ##
## confdefs.h. ##
## ----------- ##

/* confdefs.h */
#define PACKAGE_NAME ""
#define PACKAGE_TARNAME ""
#define PACKAGE_VERSION ""
#define PACKAGE_STRING ""
#define PACKAGE_BUGREPORT ""
#define PACKAGE_URL ""
#define PACKAGE "cngpij"
#define VERSION "3.70-1"
#define PROG_PATH "/usr/local/bin"
#define HAVE_STDIO_H 1
#define HAVE_STDLIB_H 1
#define HAVE_STRING_H 1
#define HAVE_INTTYPES_H 1
#define HAVE_STDINT_H 1
#define HAVE_STRINGS_H 1
#define HAVE_SYS_STAT_H 1
#define HAVE_SYS_TYPES_H 1
#define HAVE_UNISTD_H 1
#define STDC_HEADERS 1
#define HAVE_DLFCN_H 1
#define LT_OBJDIR ".libs/"
#define HAVE_LIBCUPS 1
#define HAVE_LIBPOPT 1
#define HAVE_SYS_WAIT_H 1
#define HAVE_ARPA_INET_H 1
#define HAVE_FCNTL_H 1
#define HAVE_NETDB_H 1
#define HAVE_NETINET_IN_H 1
#define HAVE_STDLIB_H 1
#define HAVE_STRING_H 1
#define HAVE_SYS_SOCKET_H 1
#define HAVE_UNISTD_H 1
#define HAVE_FORK 1
#define HAVE_VFORK 1
#define HAVE_WORKING_VFORK 1
#define HAVE_WORKING_FORK 1
#define HAVE_MALLOC 1
#define HAVE_MEMSET 1
#define HAVE_SOCKET 1
#define HAVE_STRDUP 1
#define HAVE_STRRCHR 1

configure: exit 0
