This file contains any messages produced by compilers while
running configure, to aid debugging if configure makes a mistake.

It was created by configure, which was
generated by GNU Autoconf 2.71.  Invocation command line was

  $ ./configure

## --------- ##
## Platform. ##
## --------- ##

hostname = onecloud
uname -m = armv7l
uname -r = 6.12.58-current-meson
uname -s = Linux
uname -v = #1 SMP Thu Nov 13 20:34:41 UTC 2025

/usr/bin/uname -p = unknown
/bin/uname -X     = unknown

/bin/arch              = armv7l
/usr/bin/arch -k       = unknown
/usr/convex/getsysinfo = unknown
/usr/bin/hostinfo      = unknown
/bin/machine           = unknown
/usr/bin/oslevel       = unknown
/bin/universe          = unknown

PATH: /usr/local/sbin/
PATH: /usr/local/bin/
PATH: /usr/sbin/
PATH: /usr/bin/
PATH: /sbin/
PATH: /bin/


## ----------- ##
## Core tests. ##
## ----------- ##

configure:2808: looking for aux files: config.guess config.sub ltmain.sh compile missing install-sh
configure:2821:  trying ./
configure:2850:   ./config.guess found
configure:2850:   ./config.sub found
configure:2850:   ./ltmain.sh found
configure:2850:   ./compile found
configure:2850:   ./missing found
configure:2832:   ./install-sh found
configure:2979: checking for a BSD-compatible install
configure:3052: result: /usr/bin/install -c
configure:3063: checking whether build environment is sane
configure:3118: result: yes
configure:3277: checking for a race-free mkdir -p
configure:3321: result: /usr/bin/mkdir -p
configure:3328: checking for gawk
configure:3363: result: no
configure:3328: checking for mawk
configure:3349: found /usr/bin/mawk
configure:3360: result: mawk
configure:3371: checking whether make sets $(MAKE)
configure:3394: result: yes
configure:3424: checking whether make supports nested variables
configure:3442: result: yes
configure:3653: checking for g++
configure:3674: found /usr/bin/g++
configure:3685: result: g++
configure:3712: checking for C++ compiler version
configure:3721: g++ --version >&5
g++ (Debian 12.2.0-14+deb12u1) 12.2.0
Copyright (C) 2022 Free Software Foundation, Inc.
This is free software; see the source for copying conditions.  There is NO
warranty; not even for MERCHANTABILITY or FITNESS FOR A PARTICULAR PURPOSE.

configure:3732: $? = 0
configure:3721: g++ -v >&5
Using built-in specs.
COLLECT_GCC=g++
COLLECT_LTO_WRAPPER=/usr/lib/gcc/arm-linux-gnueabihf/12/lto-wrapper
Target: arm-linux-gnueabihf
Configured with: ../src/configure -v --with-pkgversion='Debian 12.2.0-14+deb12u1' --with-bugurl=file:///usr/share/doc/gcc-12/README.Bugs --enable-languages=c,ada,c++,go,d,fortran,objc,obj-c++,m2 --prefix=/usr --with-gcc-major-version-only --program-suffix=-12 --program-prefix=arm-linux-gnueabihf- --enable-shared --enable-linker-build-id --libexecdir=/usr/lib --without-included-gettext --enable-threads=posix --libdir=/usr/lib --enable-nls --enable-clocale=gnu --enable-libstdcxx-debug --enable-libstdcxx-time=yes --with-default-libstdcxx-abi=new --enable-gnu-unique-object --disable-libitm --disable-libquadmath --disable-libquadmath-support --enable-plugin --enable-default-pie --with-system-zlib --enable-libphobos-checking=release --with-target-system-zlib=auto --enable-objc-gc=auto --enable-multiarch --disable-sjlj-exceptions --with-arch=armv7-a+fp --with-float=hard --with-mode=thumb --disable-werror --enable-checking=release --build=arm-linux-gnueabihf --host=arm-linux-gnueabihf --target=arm-linux-gnueabihf
Thread model: posix
Supported LTO compression algorithms: zlib zstd
gcc version 12.2.0 (Debian 12.2.0-14+deb12u1) 
configure:3732: $? = 0
configure:3721: g++ -V >&5
g++: error: unrecognized command-line option '-V'
g++: fatal error: no input files
compilation terminated.
configure:3732: $? = 1
configure:3721: g++ -qversion >&5
g++: error: unrecognized command-line option '-qversion'; did you mean '--version'?
g++: fatal error: no input files
compilation terminated.
configure:3732: $? = 1
configure:3752: checking whether the C++ compiler works
configure:3774: g++    conftest.cpp  >&5
configure:3778: $? = 0
configure:3828: result: yes
configure:3831: checking for C++ compiler default output file name
configure:3833: result: a.out
configure:3839: checking for suffix of executables
configure:3846: g++ -o conftest    conftest.cpp  >&5
configure:3850: $? = 0
configure:3873: result: 
configure:3895: checking whether we are cross compiling
configure:3903: g++ -o conftest    conftest.cpp  >&5
configure:3907: $? = 0
configure:3914: ./conftest
configure:3918: $? = 0
configure:3933: result: no
configure:3938: checking for suffix of object files
configure:3961: g++ -c   conftest.cpp >&5
configure:3965: $? = 0
configure:3987: result: o
configure:3991: checking whether the compiler supports GNU C++
configure:4011: g++ -c   conftest.cpp >&5
configure:4011: $? = 0
configure:4021: result: yes
configure:4032: checking whether g++ accepts -g
configure:4053: g++ -c -g  conftest.cpp >&5
configure:4053: $? = 0
configure:4097: result: yes
configure:4117: checking for g++ option to enable C++11 features
configure:4132: g++  -c -g -O2  conftest.cpp >&5
conftest.cpp: In function 'int main(int, char**)':
conftest.cpp:177:25: warning: empty parentheses were disambiguated as a function declaration [-Wvexing-parse]
  177 |   cxx11test::delegate d2();
      |                         ^~
conftest.cpp:177:25: note: remove parentheses to default-initialize a variable
  177 |   cxx11test::delegate d2();
      |                         ^~
      |                         --
conftest.cpp:177:25: note: or replace parentheses with braces to value-initialize a variable
configure:4132: $? = 0
configure:4150: result: none needed
configure:4217: checking whether make supports the include directive
configure:4232: make -f confmf.GNU && cat confinc.out
this is the am__doit target
configure:4235: $? = 0
configure:4254: result: yes (GNU style)
configure:4280: checking dependency style of g++
configure:4392: result: gcc3
configure:4469: checking for gcc
configure:4490: found /usr/bin/gcc
configure:4501: result: gcc
configure:4854: checking for C compiler version
configure:4863: gcc --version >&5
gcc (Debian 12.2.0-14+deb12u1) 12.2.0
Copyright (C) 2022 Free Software Foundation, Inc.
This is free software; see the source for copying conditions.  There is NO
warranty; not even for MERCHANTABILITY or FITNESS FOR A PARTICULAR PURPOSE.

configure:4874: $? = 0
configure:4863: gcc -v >&5
Using built-in specs.
COLLECT_GCC=gcc
COLLECT_LTO_WRAPPER=/usr/lib/gcc/arm-linux-gnueabihf/12/lto-wrapper
Target: arm-linux-gnueabihf
Configured with: ../src/configure -v --with-pkgversion='Debian 12.2.0-14+deb12u1' --with-bugurl=file:///usr/share/doc/gcc-12/README.Bugs --enable-languages=c,ada,c++,go,d,fortran,objc,obj-c++,m2 --prefix=/usr --with-gcc-major-version-only --program-suffix=-12 --program-prefix=arm-linux-gnueabihf- --enable-shared --enable-linker-build-id --libexecdir=/usr/lib --without-included-gettext --enable-threads=posix --libdir=/usr/lib --enable-nls --enable-clocale=gnu --enable-libstdcxx-debug --enable-libstdcxx-time=yes --with-default-libstdcxx-abi=new --enable-gnu-unique-object --disable-libitm --disable-libquadmath --disable-libquadmath-support --enable-plugin --enable-default-pie --with-system-zlib --enable-libphobos-checking=release --with-target-system-zlib=auto --enable-objc-gc=auto --enable-multiarch --disable-sjlj-exceptions --with-arch=armv7-a+fp --with-float=hard --with-mode=thumb --disable-werror --enable-checking=release --build=arm-linux-gnueabihf --host=arm-linux-gnueabihf --target=arm-linux-gnueabihf
Thread model: posix
Supported LTO compression algorithms: zlib zstd
gcc version 12.2.0 (Debian 12.2.0-14+deb12u1) 
configure:4874: $? = 0
configure:4863: gcc -V >&5
gcc: error: unrecognized command-line option '-V'
gcc: fatal error: no input files
compilation terminated.
configure:4874: $? = 1
configure:4863: gcc -qversion >&5
gcc: error: unrecognized command-line option '-qversion'; did you mean '--version'?
gcc: fatal error: no input files
compilation terminated.
configure:4874: $? = 1
configure:4863: gcc -version >&5
gcc: error: unrecognized command-line option '-version'
gcc: fatal error: no input files
compilation terminated.
configure:4874: $? = 1
configure:4878: checking whether the compiler supports GNU C
configure:4898: gcc -c   conftest.c >&5
configure:4898: $? = 0
configure:4908: result: yes
configure:4919: checking whether gcc accepts -g
configure:4940: gcc -c -g  conftest.c >&5
configure:4940: $? = 0
configure:4984: result: yes
configure:5004: checking for gcc option to enable C11 features
configure:5019: gcc  -c -g -O2  conftest.c >&5
configure:5019: $? = 0
configure:5037: result: none needed
configure:5153: checking whether gcc understands -c and -o together
configure:5176: gcc -c conftest.c -o conftest2.o
configure:5179: $? = 0
configure:5176: gcc -c conftest.c -o conftest2.o
configure:5179: $? = 0
configure:5191: result: yes
configure:5210: checking dependency style of gcc
configure:5322: result: gcc3
configure:5338: checking whether make sets $(MAKE)
configure:5361: result: yes
configure:5402: checking build system type
configure:5417: result: armv7l-unknown-linux-gnueabihf
configure:5437: checking host system type
configure:5451: result: armv7l-unknown-linux-gnueabihf
configure:5492: checking how to print strings
configure:5519: result: printf
configure:5540: checking for a sed that does not truncate output
configure:5610: result: /usr/bin/sed
configure:5628: checking for grep that handles long lines and -e
configure:5692: result: /usr/bin/grep
configure:5697: checking for egrep
configure:5765: result: /usr/bin/grep -E
configure:5770: checking for fgrep
configure:5838: result: /usr/bin/grep -F
configure:5874: checking for ld used by gcc
configure:5942: result: /usr/bin/ld
configure:5949: checking if the linker (/usr/bin/ld) is GNU ld
configure:5965: result: yes
configure:5977: checking for BSD- or MS-compatible name lister (nm)
configure:6032: result: /usr/bin/nm -B
configure:6172: checking the name lister (/usr/bin/nm -B) interface
configure:6180: gcc -c -g -O2  conftest.c >&5
configure:6183: /usr/bin/nm -B "conftest.o"
configure:6186: output
00000000 B some_variable
configure:6193: result: BSD nm
configure:6196: checking whether ln -s works
configure:6200: result: yes
configure:6208: checking the maximum length of command line arguments
configure:6340: result: 1572864
configure:6388: checking how to convert armv7l-unknown-linux-gnueabihf file names to armv7l-unknown-linux-gnueabihf format
configure:6429: result: func_convert_file_noop
configure:6436: checking how to convert armv7l-unknown-linux-gnueabihf file names to toolchain format
configure:6457: result: func_convert_file_noop
configure:6464: checking for /usr/bin/ld option to reload object files
configure:6472: result: -r
configure:6551: checking for file
configure:6572: found /usr/bin/file
configure:6583: result: file
configure:6659: checking for objdump
configure:6680: found /usr/bin/objdump
configure:6691: result: objdump
configure:6723: checking how to recognize dependent libraries
configure:6924: result: pass_all
configure:7014: checking for dlltool
configure:7049: result: no
configure:7079: checking how to associate runtime and link libraries
configure:7107: result: printf %s\n
configure:7173: checking for ar
configure:7194: found /usr/bin/ar
configure:7205: result: ar
configure:7258: checking for archiver @FILE support
configure:7276: gcc -c -g -O2  conftest.c >&5
configure:7276: $? = 0
configure:7280: ar cr libconftest.a @conftest.lst >&5
configure:7283: $? = 0
configure:7288: ar cr libconftest.a @conftest.lst >&5
ar: conftest.o: No such file or directory
configure:7291: $? = 1
configure:7303: result: @
configure:7366: checking for strip
configure:7387: found /usr/bin/strip
configure:7398: result: strip
configure:7475: checking for ranlib
configure:7496: found /usr/bin/ranlib
configure:7507: result: ranlib
configure:7609: checking command to parse /usr/bin/nm -B output from gcc object
configure:7763: gcc -c -g -O2  conftest.c >&5
configure:7766: $? = 0
configure:7770: /usr/bin/nm -B conftest.o | /usr/bin/sed -n -e 's/^.*[	 ]\([ABCDGIRSTW][ABCDGIRSTW]*\)[	 ][	 ]*\([_A-Za-z][_A-Za-z0-9]*\)$/\1 \2 \2/p' | /usr/bin/sed '/ __gnu_lto/d' > conftest.nm
configure:7836: gcc -o conftest -g -O2   conftest.c conftstm.o >&5
configure:7839: $? = 0
configure:7877: result: ok
configure:7924: checking for sysroot
configure:7955: result: no
configure:7962: checking for a working dd
configure:8006: result: /usr/bin/dd
configure:8010: checking how to truncate binary pipes
configure:8026: result: /usr/bin/dd bs=4096 count=1
configure:8363: checking for mt
configure:8384: found /usr/bin/mt
configure:8395: result: mt
configure:8418: checking if mt is a manifest tool
configure:8425: mt '-?'
configure:8433: result: no
configure:9158: checking for stdio.h
configure:9158: gcc -c -g -O2  conftest.c >&5
configure:9158: $? = 0
configure:9158: result: yes
configure:9158: checking for stdlib.h
configure:9158: gcc -c -g -O2  conftest.c >&5
configure:9158: $? = 0
configure:9158: result: yes
configure:9158: checking for string.h
configure:9158: gcc -c -g -O2  conftest.c >&5
configure:9158: $? = 0
configure:9158: result: yes
configure:9158: checking for inttypes.h
configure:9158: gcc -c -g -O2  conftest.c >&5
configure:9158: $? = 0
configure:9158: result: yes
configure:9158: checking for stdint.h
configure:9158: gcc -c -g -O2  conftest.c >&5
configure:9158: $? = 0
configure:9158: result: yes
configure:9158: checking for strings.h
configure:9158: gcc -c -g -O2  conftest.c >&5
configure:9158: $? = 0
configure:9158: result: yes
configure:9158: checking for sys/stat.h
configure:9158: gcc -c -g -O2  conftest.c >&5
configure:9158: $? = 0
configure:9158: result: yes
configure:9158: checking for sys/types.h
configure:9158: gcc -c -g -O2  conftest.c >&5
configure:9158: $? = 0
configure:9158: result: yes
configure:9158: checking for unistd.h
configure:9158: gcc -c -g -O2  conftest.c >&5
configure:9158: $? = 0
configure:9158: result: yes
configure:9158: checking for vfork.h
configure:9158: gcc -c -g -O2  conftest.c >&5
conftest.c:48:10: fatal error: vfork.h: No such file or directory
   48 | #include <vfork.h>
      |          ^~~~~~~~~
compilation terminated.
configure:9158: $? = 1
configure: failed program was:
| /* confdefs.h */
| #define PACKAGE_NAME ""
| #define PACKAGE_TARNAME ""
| #define PACKAGE_VERSION ""
| #define PACKAGE_STRING ""
| #define PACKAGE_BUGREPORT ""
| #define PACKAGE_URL ""
| #define PACKAGE "buftool"
| #define VERSION "1.0.0"
| #define HAVE_STDIO_H 1
| #define HAVE_STDLIB_H 1
| #define HAVE_STRING_H 1
| #define HAVE_INTTYPES_H 1
| #define HAVE_STDINT_H 1
| #define HAVE_STRINGS_H 1
| #define HAVE_SYS_STAT_H 1
| #define HAVE_SYS_TYPES_H 1
| #define HAVE_UNISTD_H 1
| /* end confdefs.h.  */
| #include <stddef.h>
| #ifdef HAVE_STDIO_H
| # include <stdio.h>
| #endif
| #ifdef HAVE_STDLIB_H
| # include <stdlib.h>
| #endif
| #ifdef HAVE_STRING_H
| # include <string.h>
| #endif
| #ifdef HAVE_INTTYPES_H
| # include <inttypes.h>
| #endif
| #ifdef HAVE_STDINT_H
| # include <stdint.h>
| #endif
| #ifdef HAVE_STRINGS_H
| # include <strings.h>
| #endif
| #ifdef HAVE_SYS_TYPES_H
| # include <sys/types.h>
| #endif
| #ifdef HAVE_SYS_STAT_H
| # include <sys/stat.h>
| #endif
| #ifdef HAVE_UNISTD_H
| # include <unistd.h>
| #endif
| #include <vfork.h>
configure:9158: result: no
configure:9183: checking for dlfcn.h
configure:9183: gcc -c -g -O2  conftest.c >&5
configure:9183: $? = 0
configure:9183: result: yes
configure:9453: checking for objdir
configure:9469: result: .libs
configure:9729: checking if gcc supports -fno-rtti -fno-exceptions
configure:9748: gcc -c -g -O2  -fno-rtti -fno-exceptions conftest.c >&5
cc1: warning: command-line option '-fno-rtti' is valid for C++/D/ObjC++ but not for C
configure:9752: $? = 0
configure:9765: result: no
configure:10129: checking for gcc option to produce PIC
configure:10137: result: -fPIC -DPIC
configure:10145: checking if gcc PIC flag -fPIC -DPIC works
configure:10164: gcc -c -g -O2  -fPIC -DPIC -DPIC conftest.c >&5
configure:10168: $? = 0
configure:10181: result: yes
configure:10210: checking if gcc static flag -static works
configure:10239: result: yes
configure:10254: checking if gcc supports -c -o file.o
configure:10276: gcc -c -g -O2  -o out/conftest2.o conftest.c >&5
configure:10280: $? = 0
configure:10302: result: yes
configure:10310: checking if gcc supports -c -o file.o
configure:10358: result: yes
configure:10391: checking whether the gcc linker (/usr/bin/ld) supports shared libraries
configure:11665: result: yes
configure:11702: checking whether -lc should be explicitly linked in
configure:11711: gcc -c -g -O2  conftest.c >&5
configure:11714: $? = 0
configure:11729: gcc -shared  -fPIC -DPIC conftest.o  -v -Wl,-soname -Wl,conftest -o conftest 2\>\&1 \| /usr/bin/grep  -lc  \>/dev/null 2\>\&1
configure:11732: $? = 0
configure:11746: result: no
configure:11906: checking dynamic linker characteristics
configure:12488: gcc -o conftest -g -O2   -Wl,-rpath -Wl,/foo conftest.c  >&5
configure:12488: $? = 0
configure:12739: result: GNU/Linux ld.so
configure:12861: checking how to hardcode library paths into programs
configure:12886: result: immediate
configure:13438: checking whether stripping libraries is possible
configure:13447: result: yes
configure:13489: checking if libtool supports shared libraries
configure:13491: result: yes
configure:13494: checking whether to build shared libraries
configure:13519: result: yes
configure:13522: checking whether to build static libraries
configure:13526: result: yes
configure:13549: checking how to run the C++ preprocessor
configure:13571: g++ -E  conftest.cpp
configure:13571: $? = 0
configure:13586: g++ -E  conftest.cpp
conftest.cpp:23:10: fatal error: ac_nonexistent.h: No such file or directory
   23 | #include <ac_nonexistent.h>
      |          ^~~~~~~~~~~~~~~~~~
compilation terminated.
configure:13586: $? = 1
configure: failed program was:
| /* confdefs.h */
| #define PACKAGE_NAME ""
| #define PACKAGE_TARNAME ""
| #define PACKAGE_VERSION ""
| #define PACKAGE_STRING ""
| #define PACKAGE_BUGREPORT ""
| #define PACKAGE_URL ""
| #define PACKAGE "buftool"
| #define VERSION "1.0.0"
| #define HAVE_STDIO_H 1
| #define HAVE_STDLIB_H 1
| #define HAVE_STRING_H 1
| #define HAVE_INTTYPES_H 1
| #define HAVE_STDINT_H 1
| #define HAVE_STRINGS_H 1
| #define HAVE_SYS_STAT_H 1
| #define HAVE_SYS_TYPES_H 1
| #define HAVE_UNISTD_H 1
| #define STDC_HEADERS 1
| #define HAVE_DLFCN_H 1
| #define LT_OBJDIR ".libs/"
| /* end confdefs.h.  */
| #include <ac_nonexistent.h>
configure:13613: result: g++ -E
configure:13627: g++ -E  conftest.cpp
configure:13627: $? = 0
configure:13642: g++ -E  conftest.cpp
conftest.cpp:23:10: fatal error: ac_nonexistent.h: No such file or directory
   23 | #include <ac_nonexistent.h>
      |          ^~~~~~~~~~~~~~~~~~
compilation terminated.
configure:13642: $? = 1
configure: failed program was:
| /* confdefs.h */
| #define PACKAGE_NAME ""
| #define PACKAGE_TARNAME ""
| #define PACKAGE_VERSION ""
| #define PACKAGE_STRING ""
| #define PACKAGE_BUGREPORT ""
| #define PACKAGE_URL ""
| #define PACKAGE "buftool"
| #define VERSION "1.0.0"
| #define HAVE_STDIO_H 1
| #define HAVE_STDLIB_H 1
| #define HAVE_STRING_H 1
| #define HAVE_INTTYPES_H 1
| #define HAVE_STDINT_H 1
| #define HAVE_STRINGS_H 1
| #define HAVE_SYS_STAT_H 1
| #define HAVE_SYS_TYPES_H 1
| #define HAVE_UNISTD_H 1
| #define STDC_HEADERS 1
| #define HAVE_DLFCN_H 1
| #define LT_OBJDIR ".libs/"
| /* end confdefs.h.  */
| #include <ac_nonexistent.h>
configure:13807: checking for ld used by g++
configure:13875: result: /usr/bin/ld
configure:13882: checking if the linker (/usr/bin/ld) is GNU ld
configure:13898: result: yes
configure:13953: checking whether the g++ linker (/usr/bin/ld) supports shared libraries
configure:15031: result: yes
configure:15067: g++ -c -g -O2  conftest.cpp >&5
configure:15070: $? = 0
configure:15551: checking for g++ option to produce PIC
configure:15559: result: -fPIC -DPIC
configure:15567: checking if g++ PIC flag -fPIC -DPIC works
configure:15586: g++ -c -g -O2  -fPIC -DPIC -DPIC conftest.cpp >&5
configure:15590: $? = 0
configure:15603: result: yes
configure:15626: checking if g++ static flag -static works
configure:15655: result: yes
configure:15667: checking if g++ supports -c -o file.o
configure:15689: g++ -c -g -O2  -o out/conftest2.o conftest.cpp >&5
configure:15693: $? = 0
configure:15715: result: yes
configure:15720: checking if g++ supports -c -o file.o
configure:15768: result: yes
configure:15798: checking whether the g++ linker (/usr/bin/ld) supports shared libraries
configure:15841: result: yes
configure:15983: checking dynamic linker characteristics
configure:16743: result: GNU/Linux ld.so
configure:16808: checking how to hardcode library paths into programs
configure:16833: result: immediate
configure:16901: checking for egrep
configure:16969: result: /usr/bin/grep -E
configure:16975: checking for sys/wait.h that is POSIX.1 compatible
configure:17002: gcc -c -g -O2  conftest.c >&5
configure:17002: $? = 0
configure:17010: result: yes
configure:17018: checking for malloc.h
configure:17018: gcc -c -g -O2  conftest.c >&5
configure:17018: $? = 0
configure:17018: result: yes
configure:17024: checking for stdlib.h
configure:17024: result: yes
configure:17030: checking for string.h
configure:17030: result: yes
configure:17036: checking for unistd.h
configure:17036: result: yes
configure:17045: checking for an ANSI C-conforming const
configure:17112: gcc -c -g -O2  conftest.c >&5
configure:17112: $? = 0
configure:17120: result: yes
configure:17131: checking for pid_t
configure:17131: gcc -c -g -O2  conftest.c >&5
configure:17131: $? = 0
configure:17131: gcc -c -g -O2  conftest.c >&5
conftest.c: In function 'main':
conftest.c:60:20: error: expected expression before ')' token
   60 | if (sizeof ((pid_t)))
      |                    ^
configure:17131: $? = 1
configure: failed program was:
| /* confdefs.h */
| #define PACKAGE_NAME ""
| #define PACKAGE_TARNAME ""
| #define PACKAGE_VERSION ""
| #define PACKAGE_STRING ""
| #define PACKAGE_BUGREPORT ""
| #define PACKAGE_URL ""
| #define PACKAGE "buftool"
| #define VERSION "1.0.0"
| #define HAVE_STDIO_H 1
| #define HAVE_STDLIB_H 1
| #define HAVE_STRING_H 1
| #define HAVE_INTTYPES_H 1
| #define HAVE_STDINT_H 1
| #define HAVE_STRINGS_H 1
| #define HAVE_SYS_STAT_H 1
| #define HAVE_SYS_TYPES_H 1
| #define HAVE_UNISTD_H 1
| #define STDC_HEADERS 1
| #define HAVE_DLFCN_H 1
| #define LT_OBJDIR ".libs/"
| #define HAVE_SYS_WAIT_H 1
| #define HAVE_MALLOC_H 1
| #define HAVE_STDLIB_H 1
| #define HAVE_STRING_H 1
| #define HAVE_UNISTD_H 1
| /* end confdefs.h.  */
| #include <stddef.h>
| #ifdef HAVE_STDIO_H
| # include <stdio.h>
| #endif
| #ifdef HAVE_STDLIB_H
| # include <stdlib.h>
| #endif
| #ifdef HAVE_STRING_H
| # include <string.h>
| #endif
| #ifdef HAVE_INTTYPES_H
| # include <inttypes.h>
| #endif
| #ifdef HAVE_STDINT_H
| # include <stdint.h>
| #endif
| #ifdef HAVE_STRINGS_H
| # include <strings.h>
| #endif
| #ifdef HAVE_SYS_TYPES_H
| # include <sys/types.h>
| #endif
| #ifdef HAVE_SYS_STAT_H
| # include <sys/stat.h>
| #endif
| #ifdef HAVE_UNISTD_H
| # include <unistd.h>
| #endif
| 
| int
| main (void)
| {
| if (sizeof ((pid_t)))
| 	    return 0;
|   ;
|   return 0;
| }
configure:17131: result: yes
configure:17172: checking for fork
configure:17172: gcc -o conftest -g -O2   conftest.c  >&5
conftest.c:44:6: warning: conflicting types for built-in function 'fork'; expected 'int(void)' [-Wbuiltin-declaration-mismatch]
   44 | char fork ();
      |      ^~~~
configure:17172: $? = 0
configure:17172: result: yes
configure:17172: checking for vfork
configure:17172: gcc -o conftest -g -O2   conftest.c  >&5
configure:17172: $? = 0
configure:17172: result: yes
configure:17185: checking for working fork
configure:17209: gcc -o conftest -g -O2   conftest.c  >&5
configure:17209: $? = 0
configure:17209: ./conftest
configure:17209: $? = 0
configure:17220: result: yes
configure:17241: checking for working vfork
configure:17370: result: yes
configure:17395: checking for GNU libc compatible malloc
configure:17427: gcc -o conftest -g -O2   conftest.c  >&5
configure:17427: $? = 0
configure:17427: ./conftest
configure:17427: $? = 0
configure:17438: result: yes
configure:17460: checking for dup2
configure:17460: gcc -o conftest -g -O2   conftest.c  >&5
configure:17460: $? = 0
configure:17460: result: yes
configure:17466: checking for memset
configure:17466: gcc -o conftest -g -O2   conftest.c  >&5
conftest.c:50:6: warning: conflicting types for built-in function 'memset'; expected 'void *(void *, int,  unsigned int)' [-Wbuiltin-declaration-mismatch]
   50 | char memset ();
      |      ^~~~~~
conftest.c:42:1: note: 'memset' is declared in header '<string.h>'
   41 | #include <limits.h>
   42 | #undef memset
configure:17466: $? = 0
configure:17466: result: yes
configure:17578: checking that generated files are newer than configure
configure:17584: result: done
configure:17611: creating ./config.status

## ---------------------- ##
## Running config.status. ##
## ---------------------- ##

This file was extended by config.status, which was
generated by GNU Autoconf 2.71.  Invocation command line was

  CONFIG_FILES    = 
  CONFIG_HEADERS  = 
  CONFIG_LINKS    = 
  CONFIG_COMMANDS = 
  $ ./config.status 

on onecloud

config.status:1159: creating Makefile
config.status:1159: creating buftool/Makefile
config.status:1159: creating paramlist/Makefile
config.status:1159: creating config.h
config.status:1388: executing depfiles commands
config.status:1465: cd buftool       && sed -e '/# am--include-marker/d' Makefile         | make -f - am--depfiles
config.status:1470: $? = 0
config.status:1465: cd paramlist       && sed -e '/# am--include-marker/d' Makefile         | make -f - am--depfiles
config.status:1470: $? = 0
config.status:1388: executing libtool commands

## ---------------- ##
## Cache variables. ##
## ---------------- ##

ac_cv_build=armv7l-unknown-linux-gnueabihf
ac_cv_c_compiler_gnu=yes
ac_cv_c_const=yes
ac_cv_cxx_compiler_gnu=yes
ac_cv_env_CCC_set=
ac_cv_env_CCC_value=
ac_cv_env_CC_set=
ac_cv_env_CC_value=
ac_cv_env_CFLAGS_set=
ac_cv_env_CFLAGS_value=
ac_cv_env_CPPFLAGS_set=
ac_cv_env_CPPFLAGS_value=
ac_cv_env_CXXCPP_set=
ac_cv_env_CXXCPP_value=
ac_cv_env_CXXFLAGS_set=
ac_cv_env_CXXFLAGS_value=
ac_cv_env_CXX_set=
ac_cv_env_CXX_value=
ac_cv_env_LDFLAGS_set=
ac_cv_env_LDFLAGS_value=
ac_cv_env_LIBS_set=
ac_cv_env_LIBS_value=
ac_cv_env_LT_SYS_LIBRARY_PATH_set=
ac_cv_env_LT_SYS_LIBRARY_PATH_value=
ac_cv_env_build_alias_set=
ac_cv_env_build_alias_value=
ac_cv_env_host_alias_set=
ac_cv_env_host_alias_value=
ac_cv_env_target_alias_set=
ac_cv_env_target_alias_value=
ac_cv_func_dup2=yes
ac_cv_func_fork=yes
ac_cv_func_fork_works=yes
ac_cv_func_malloc_0_nonnull=yes
ac_cv_func_memset=yes
ac_cv_func_vfork=yes
ac_cv_func_vfork_works=yes
ac_cv_header_dlfcn_h=yes
ac_cv_header_inttypes_h=yes
ac_cv_header_malloc_h=yes
ac_cv_header_stdint_h=yes
ac_cv_header_stdio_h=yes
ac_cv_header_stdlib_h=yes
ac_cv_header_string_h=yes
ac_cv_header_strings_h=yes
ac_cv_header_sys_stat_h=yes
ac_cv_header_sys_types_h=yes
ac_cv_header_sys_wait_h=yes
ac_cv_header_unistd_h=yes
ac_cv_header_vfork_h=no
ac_cv_host=armv7l-unknown-linux-gnueabihf
ac_cv_objext=o
ac_cv_path_EGREP='/usr/bin/grep -E'
ac_cv_path_FGREP='/usr/bin/grep -F'
ac_cv_path_GREP=/usr/bin/grep
ac_cv_path_SED=/usr/bin/sed
ac_cv_path_install='/usr/bin/install -c'
ac_cv_path_lt_DD=/usr/bin/dd
ac_cv_path_mkdir=/usr/bin/mkdir
ac_cv_prog_AWK=mawk
ac_cv_prog_CXXCPP='g++ -E'
ac_cv_prog_ac_ct_AR=ar
ac_cv_prog_ac_ct_CC=gcc
ac_cv_prog_ac_ct_CXX=g++
ac_cv_prog_ac_ct_FILECMD=file
ac_cv_prog_ac_ct_MANIFEST_TOOL=mt
ac_cv_prog_ac_ct_OBJDUMP=objdump
ac_cv_prog_ac_ct_RANLIB=ranlib
ac_cv_prog_ac_ct_STRIP=strip
ac_cv_prog_cc_c11=
ac_cv_prog_cc_g=yes
ac_cv_prog_cc_stdc=
ac_cv_prog_cxx_cxx11=
ac_cv_prog_cxx_g=yes
ac_cv_prog_cxx_stdcxx=
ac_cv_prog_make_make_set=yes
ac_cv_type_pid_t=yes
am_cv_CC_dependencies_compiler_type=gcc3
am_cv_CXX_dependencies_compiler_type=gcc3
am_cv_make_support_nested_variables=yes
am_cv_prog_cc_c_o=yes
lt_cv_ar_at_file=@
lt_cv_archive_cmds_need_lc=no
lt_cv_deplibs_check_method=pass_all
lt_cv_file_magic_cmd='$MAGIC_CMD'
lt_cv_file_magic_test_file=
lt_cv_ld_reload_flag=-r
lt_cv_nm_interface='BSD nm'
lt_cv_objdir=.libs
lt_cv_path_LD=/usr/bin/ld
lt_cv_path_LDCXX=/usr/bin/ld
lt_cv_path_NM='/usr/bin/nm -B'
lt_cv_path_mainfest_tool=no
lt_cv_prog_compiler_c_o=yes
lt_cv_prog_compiler_c_o_CXX=yes
lt_cv_prog_compiler_pic='-fPIC -DPIC'
lt_cv_prog_compiler_pic_CXX='-fPIC -DPIC'
lt_cv_prog_compiler_pic_works=yes
lt_cv_prog_compiler_pic_works_CXX=yes
lt_cv_prog_compiler_rtti_exceptions=no
lt_cv_prog_compiler_static_works=yes
lt_cv_prog_compiler_static_works_CXX=yes
lt_cv_prog_gnu_ld=yes
lt_cv_prog_gnu_ldcxx=yes
lt_cv_sharedlib_from_linklib_cmd='printf %s\n'
lt_cv_shlibpath_overrides_runpath=yes
lt_cv_sys_global_symbol_pipe='/usr/bin/sed -n -e '\''s/^.*[	 ]\([ABCDGIRSTW][ABCDGIRSTW]*\)[	 ][	 ]*\([_A-Za-z][_A-Za-z0-9]*\)$/\1 \2 \2/p'\'' | /usr/bin/sed '\''/ __gnu_lto/d'\'''
lt_cv_sys_global_symbol_to_c_name_address='/usr/bin/sed -n -e '\''s/^: \(.*\) .*$/  {"\1", (void *) 0},/p'\'' -e '\''s/^[ABCDGIRSTW][ABCDGIRSTW]* .* \(.*\)$/  {"\1", (void *) \&\1},/p'\'''
lt_cv_sys_global_symbol_to_c_name_address_lib_prefix='/usr/bin/sed -n -e '\''s/^: \(.*\) .*$/  {"\1", (void *) 0},/p'\'' -e '\''s/^[ABCDGIRSTW][ABCDGIRSTW]* .* \(lib.*\)$/  {"\1", (void *) \&\1},/p'\'' -e '\''s/^[ABCDGIRSTW][ABCDGIRSTW]* .* \(.*\)$/  {"lib\1", (void *) \&\1},/p'\'''
lt_cv_sys_global_symbol_to_cdecl='/usr/bin/sed -n -e '\''s/^T .* \(.*\)$/extern int \1();/p'\'' -e '\''s/^[ABCDGIRSTW][ABCDGIRSTW]* .* \(.*\)$/extern char \1;/p'\'''
lt_cv_sys_global_symbol_to_import=
lt_cv_sys_max_cmd_len=1572864
lt_cv_to_host_file_cmd=func_convert_file_noop
lt_cv_to_tool_file_cmd=func_convert_file_noop
lt_cv_truncate_bin='/usr/bin/dd bs=4096 count=1'

## ----------------- ##
## Output variables. ##
## ----------------- ##

ACLOCAL='${SHELL} '\''/home/cnijfilter-source-3.70-1/libs/missing'\'' aclocal-1.16'
AMDEPBACKSLASH='\'
AMDEP_FALSE='#'
AMDEP_TRUE=''
AMTAR='$${TAR-tar}'
AM_BACKSLASH='\'
AM_DEFAULT_V='$(AM_DEFAULT_VERBOSITY)'
AM_DEFAULT_VERBOSITY='1'
AM_V='$(V)'
AR='ar'
AUTOCONF='${SHELL} '\''/home/cnijfilter-source-3.70-1/libs/missing'\'' autoconf'
AUTOHEADER='${SHELL} '\''/home/cnijfilter-source-3.70-1/libs/missing'\'' autoheader'
AUTOMAKE='${SHELL} '\''/home/cnijfilter-source-3.70-1/libs/missing'\'' automake-1.16'
AWK='mawk'
CC='gcc'
CCDEPMODE='depmode=gcc3'
CFLAGS='-O2'
CPPFLAGS=''
CSCOPE='cscope'
CTAGS='ctags'
CXX='g++'
CXXCPP='g++ -E'
CXXDEPMODE='depmode=gcc3'
CXXFLAGS='-g -O2'
CYGPATH_W='echo'
DEFS='-DHAVE_CONFIG_H'
DEPDIR='.deps'
DLLTOOL='false'
DSYMUTIL=''
DUMPBIN=''
ECHO_C=''
ECHO_N='-n'
ECHO_T=''
EGREP='/usr/bin/grep -E'
ETAGS='etags'
EXEEXT=''
FGREP='/usr/bin/grep -F'
FILECMD='file'
GREP='/usr/bin/grep'
INSTALL_DATA='${INSTALL} -m 644'
INSTALL_PROGRAM='${INSTALL}'
INSTALL_SCRIPT='${INSTALL}'
INSTALL_STRIP_PROGRAM='$(install_sh) -c -s'
LD='/usr/bin/ld'
LDFLAGS=''
LIBOBJS=''
LIBS=''
LIBTOOL='$(SHELL) $(top_builddir)/libtool'
LIPO=''
LN_S='ln -s'
LTLIBOBJS=''
LT_SYS_LIBRARY_PATH=''
MAKEINFO='${SHELL} '\''/home/cnijfilter-source-3.70-1/libs/missing'\'' makeinfo'
MANIFEST_TOOL=':'
MKDIR_P='/usr/bin/mkdir -p'
NM='/usr/bin/nm -B'
NMEDIT=''
OBJDUMP='objdump'
OBJEXT='o'
OTOOL64=''
OTOOL=''
PACKAGE='buftool'
PACKAGE_BUGREPORT=''
PACKAGE_NAME=''
PACKAGE_STRING=''
PACKAGE_TARNAME=''
PACKAGE_URL=''
PACKAGE_VERSION=''
PATH_SEPARATOR=':'
RANLIB='ranlib'
SED='/usr/bin/sed'
SET_MAKE=''
SHELL='/bin/bash'
STRIP='strip'
VERSION='1.0.0'
ac_ct_AR='ar'
ac_ct_CC='gcc'
ac_ct_CXX='g++'
ac_ct_DUMPBIN=''
am__EXEEXT_FALSE=''
am__EXEEXT_TRUE='#'
am__fastdepCC_FALSE='#'
am__fastdepCC_TRUE=''
am__fastdepCXX_FALSE='#'
am__fastdepCXX_TRUE=''
am__include='include'
am__isrc=''
am__leading_dot='.'
am__nodep='_no'
am__quote=''
am__tar='$${TAR-tar} chof - "$$tardir"'
am__untar='$${TAR-tar} xf -'
bindir='${exec_prefix}/bin'
build='armv7l-unknown-linux-gnueabihf'
build_alias=''
build_cpu='armv7l'
build_os='linux-gnueabihf'
build_vendor='unknown'
datadir='${datarootdir}'
datarootdir='${prefix}/share'
docdir='${datarootdir}/doc/${PACKAGE}'
dvidir='${docdir}'
exec_prefix='${prefix}'
host='armv7l-unknown-linux-gnueabihf'
host_alias=''
host_cpu='armv7l'
host_os='linux-gnueabihf'
host_vendor='unknown'
htmldir='${docdir}'
includedir='${prefix}/include'
infodir='${datarootdir}/info'
install_sh='${SHELL} /home/cnijfilter-source-3.70-1/libs/install-sh'
libdir='${exec_prefix}/lib'
libexecdir='${exec_prefix}/libexec'
localedir='${datarootdir}/locale'
localstatedir='${prefix}/var'
mandir='${datarootdir}/man'
mkdir_p='$(MKDIR_P)'
oldincludedir='/usr/include'
pdfdir='${docdir}'
prefix='/usr/local'
program_transform_name='s,x,x,'
psdir='${docdir}'
runstatedir='${localstatedir}/run'
sbindir='${exec_prefix}/sbin'
sharedstatedir='${prefix}/com'
sysconfdir='${prefix}/etc'
target_alias=''

## ----------- ##
## confdefs.h. ##
## ----------- ##

/* confdefs.h */
#define PACKAGE_NAME ""
#define PACKAGE_TARNAME ""
#define PACKAGE_VERSION ""
#define PACKAGE_STRING ""
#define PACKAGE_BUGREPORT ""
#define PACKAGE_URL ""
#define PACKAGE "buftool"
#define VERSION "1.0.0"
#define HAVE_STDIO_H 1
#define HAVE_STDLIB_H 1
#define HAVE_STRING_H 1
#define HAVE_INTTYPES_H 1
#define HAVE_STDINT_H 1
#define HAVE_STRINGS_H 1
#define HAVE_SYS_STAT_H 1
#define HAVE_SYS_TYPES_H 1
#define HAVE_UNISTD_H 1
#define STDC_HEADERS 1
#define HAVE_DLFCN_H 1
#define LT_OBJDIR ".libs/"
#define HAVE_SYS_WAIT_H 1
#define HAVE_MALLOC_H 1
#define HAVE_STDLIB_H 1
#define HAVE_STRING_H 1
#define HAVE_UNISTD_H 1
#define HAVE_FORK 1
#define HAVE_VFORK 1
#define HAVE_WORKING_VFORK 1
#define HAVE_WORKING_FORK 1
#define HAVE_MALLOC 1
#define HAVE_DUP2 1
#define HAVE_MEMSET 1

configure: exit 0
